#
# There is insufficient memory for the Java Runtime Environment to continue.
# Native memory allocation (malloc) failed to allocate 32744 bytes for ChunkPool::allocate
# Possible reasons:
#   The system is out of physical RAM or swap space
#   The process is running with CompressedOops enabled, and the Java Heap may be blocking the growth of the native heap
# Possible solutions:
#   Reduce memory load on the system
#   Increase physical memory or swap space
#   Check if swap backing store is full
#   Decrease Java heap size (-Xmx/-Xms)
#   Decrease number of Java threads
#   Decrease Java thread stack sizes (-Xss)
#   Set larger code cache with -XX:ReservedCodeCacheSize=
#   JVM is running with Unscaled Compressed Oops mode in which the Java heap is
#     placed in the first 4GB address space. The Java Heap base address is the
#     maximum limit for the native heap growth. Please use -XX:HeapBaseMinAddress
#     to set the Java Heap base and to place the Java Heap above 4GB virtual address.
# This output file may be truncated or incomplete.
#
#  Out of Memory Error (./open/src/hotspot/share/memory/arena.cpp:81), pid=38144, tid=37412
#
# JRE version: Java(TM) SE Runtime Environment 18.9 (11.0.13+10) (build 11.0.13+10-LTS-370)
# Java VM: Java HotSpot(TM) 64-Bit Server VM 18.9 (11.0.13+10-LTS-370, mixed mode, tiered, compressed oops, g1 gc, windows-amd64)
# No core dump will be written. Minidumps are not enabled by default on client versions of Windows
#

---------------  S U M M A R Y ------------

Command Line: -ea -Dfile.encoding=Cp1252 org.testng.remote.RemoteTestNG -serport 59886 -protocol json -d G:\Learn_automation\01 - Software\eclipse-java-2021-12-R-win32-x86_64\workspace_2\tinyPulse-challenges\test-output C:\Users\ADMINI~1\AppData\Local\Temp\testng-eclipse--1849276134\testng-customsuite.xml

Host: Intel(R) Core(TM) i3-3240 CPU @ 3.40GHz, 4 cores, 7G,  Windows 10 , 64 bit Build 18362 (10.0.18362.329)
Time: Sun Mar  6 00:51:07 2022 SE Asia Standard Time elapsed time: 11.261434 seconds (0d 0h 0m 11s)

---------------  T H R E A D  ---------------

Current thread (0x00000229530b8800):  JavaThread "Forwarding sendKeysToElement on session 9c486485-ff44-4296-99a9-469547c085e0 to remote" [_thread_in_vm, id=37412, stack(0x000000a928c00000,0x000000a928d00000)]

Stack: [0x000000a928c00000,0x000000a928d00000]
Native frames: (J=compiled Java code, j=interpreted, Vv=VM code, C=native code)
V  [jvm.dll+0x62870a]
V  [jvm.dll+0x761f2f]
V  [jvm.dll+0x7635d9]
V  [jvm.dll+0x763c63]
V  [jvm.dll+0x23d728]
V  [jvm.dll+0xb2b9b]
V  [jvm.dll+0xb2efc]
V  [jvm.dll+0xbc12d]
V  [jvm.dll+0x3480d1]
V  [jvm.dll+0x6fca57]
V  [jvm.dll+0x238be7]
V  [jvm.dll+0x10a28c]
V  [jvm.dll+0x2384b5]
V  [jvm.dll+0x51f184]
V  [jvm.dll+0x51efb8]
V  [jvm.dll+0x35dabc]
C  0x000002295a6fe579

Java frames: (J=compiled Java code, j=interpreted, Vv=VM code)
j  org.openqa.selenium.remote.http.W3CHttpCommandCodec.amendParameters(Ljava/lang/String;Ljava/util/Map;)Ljava/util/Map;+2118
j  org.openqa.selenium.remote.http.AbstractHttpCommandCodec.encode(Lorg/openqa/selenium/remote/Command;)Lorg/openqa/selenium/remote/http/HttpRequest;+58
j  org.openqa.selenium.remote.http.AbstractHttpCommandCodec.encode(Lorg/openqa/selenium/remote/Command;)Ljava/lang/Object;+2
j  org.openqa.selenium.remote.HttpCommandExecutor.execute(Lorg/openqa/selenium/remote/Command;)Lorg/openqa/selenium/remote/Response;+267
j  org.openqa.selenium.remote.service.DriverCommandExecutor.execute(Lorg/openqa/selenium/remote/Command;)Lorg/openqa/selenium/remote/Response;+21
j  org.openqa.selenium.remote.RemoteWebDriver.execute(Ljava/lang/String;Ljava/util/Map;)Lorg/openqa/selenium/remote/Response;+74
j  org.openqa.selenium.remote.RemoteWebElement.execute(Ljava/lang/String;Ljava/util/Map;)Lorg/openqa/selenium/remote/Response;+6
j  org.openqa.selenium.remote.RemoteWebElement.sendKeys([Ljava/lang/CharSequence;)V+105
j  webdriver.Login.login(Lorg/openqa/selenium/WebDriver;)V+51
j  webdriver.addUser.beforeClass()V+50
v  ~StubRoutines::call_stub
j  jdk.internal.reflect.NativeMethodAccessorImpl.invoke0(Ljava/lang/reflect/Method;Ljava/lang/Object;[Ljava/lang/Object;)Ljava/lang/Object;+0 java.base@11.0.13
j  jdk.internal.reflect.NativeMethodAccessorImpl.invoke(Ljava/lang/Object;[Ljava/lang/Object;)Ljava/lang/Object;+100 java.base@11.0.13
j  jdk.internal.reflect.DelegatingMethodAccessorImpl.invoke(Ljava/lang/Object;[Ljava/lang/Object;)Ljava/lang/Object;+6 java.base@11.0.13
j  java.lang.reflect.Method.invoke(Ljava/lang/Object;[Ljava/lang/Object;)Ljava/lang/Object;+59 java.base@11.0.13
j  org.testng.internal.MethodInvocationHelper.invokeMethod(Ljava/lang/reflect/Method;Ljava/lang/Object;[Ljava/lang/Object;)Ljava/lang/Object;+255
j  org.testng.internal.MethodInvocationHelper.invokeMethodConsideringTimeout(Lorg/testng/ITestNGMethod;Lorg/testng/internal/ConstructorOrMethod;Ljava/lang/Object;[Ljava/lang/Object;Lorg/testng/ITestResult;)V+15
j  org.testng.internal.Invoker.invokeConfigurationMethod(Ljava/lang/Object;Lorg/testng/ITestNGMethod;[Ljava/lang/Object;Lorg/testng/ITestResult;)V+143
j  org.testng.internal.Invoker.invokeConfigurations(Lorg/testng/IClass;Lorg/testng/ITestNGMethod;[Lorg/testng/ITestNGMethod;Lorg/testng/xml/XmlSuite;Ljava/util/Map;[Ljava/lang/Object;Ljava/lang/Object;Lorg/testng/ITestResult;)V+469
j  org.testng.internal.Invoker.invokeConfigurations(Lorg/testng/IClass;[Lorg/testng/ITestNGMethod;Lorg/testng/xml/XmlSuite;Ljava/util/Map;[Ljava/lang/Object;Ljava/lang/Object;)V+12
j  org.testng.internal.TestMethodWorker.invokeBeforeClassMethods(Lorg/testng/ITestClass;Lorg/testng/IMethodInstance;)V+156
j  org.testng.internal.TestMethodWorker.run()V+48
j  org.testng.TestRunner.privateRun(Lorg/testng/xml/XmlTest;)V+300
j  org.testng.TestRunner.run()V+25
j  org.testng.SuiteRunner.runTest(Lorg/testng/TestRunner;)V+1
j  org.testng.SuiteRunner.runSequentially()V+31
j  org.testng.SuiteRunner.privateRun()V+288
j  org.testng.SuiteRunner.run()V+6
j  org.testng.SuiteRunnerWorker.runSuite(Lorg/testng/internal/SuiteRunnerMap;Lorg/testng/xml/XmlSuite;)V+87
j  org.testng.SuiteRunnerWorker.run()V+12
j  org.testng.TestNG.runSuitesSequentially(Lorg/testng/xml/XmlSuite;Lorg/testng/internal/SuiteRunnerMap;ILjava/lang/String;)V+66
j  org.testng.TestNG.runSuitesLocally()Ljava/util/List;+156
j  org.testng.TestNG.runSuites()Ljava/util/List;+1
j  org.testng.TestNG.run()V+25
j  org.testng.remote.AbstractRemoteTestNG.run()V+149
j  org.testng.remote.RemoteTestNG.initAndRun(Lorg/testng/remote/IRemoteTestNG;[Ljava/lang/String;Lorg/testng/CommandLineArgs;Lorg/testng/remote/RemoteArgs;)V+184
j  org.testng.remote.RemoteTestNG.main([Ljava/lang/String;)V+201
v  ~StubRoutines::call_stub

---------------  P R O C E S S  ---------------

Threads class SMR info:
_java_thread_list=0x000002297278cb20, length=17, elements={
0x00000229530b8800, 0x00000229706cf800, 0x00000229706fb000, 0x000002297070e000,
0x000002297070e800, 0x0000022970717800, 0x000002297071f000, 0x0000022970726000,
0x0000022971079000, 0x0000022971076800, 0x0000022971076000, 0x0000022971078800,
0x000002297107a000, 0x0000022971075000, 0x0000022971074000, 0x000002297107b000,
0x0000022971077800
}

Java Threads: ( => current thread )
=>0x00000229530b8800 JavaThread "Forwarding sendKeysToElement on session 9c486485-ff44-4296-99a9-469547c085e0 to remote" [_thread_in_vm, id=37412, stack(0x000000a928c00000,0x000000a928d00000)]
  0x00000229706cf800 JavaThread "Reference Handler" daemon [_thread_blocked, id=38532, stack(0x000000a929300000,0x000000a929400000)]
  0x00000229706fb000 JavaThread "Finalizer" daemon [_thread_blocked, id=35396, stack(0x000000a929400000,0x000000a929500000)]
  0x000002297070e000 JavaThread "Signal Dispatcher" daemon [_thread_blocked, id=38284, stack(0x000000a929500000,0x000000a929600000)]
  0x000002297070e800 JavaThread "Attach Listener" daemon [_thread_blocked, id=38236, stack(0x000000a929600000,0x000000a929700000)]
  0x0000022970717800 JavaThread "Service Thread" daemon [_thread_blocked, id=35340, stack(0x000000a929700000,0x000000a929800000)]
  0x000002297071f000 JavaThread "C2 CompilerThread0" daemon [_thread_in_native, id=24792, stack(0x000000a929800000,0x000000a929900000)]
  0x0000022970726000 JavaThread "C1 CompilerThread0" daemon [_thread_blocked, id=39520, stack(0x000000a929900000,0x000000a929a00000)]
  0x0000022971079000 JavaThread "Sweeper thread" daemon [_thread_blocked, id=38848, stack(0x000000a929a00000,0x000000a929b00000)]
  0x0000022971076800 JavaThread "Common-Cleaner" daemon [_thread_blocked, id=36180, stack(0x000000a929c00000,0x000000a929d00000)]
  0x0000022971076000 JavaThread "ReaderThread" [_thread_in_native, id=36076, stack(0x000000a929e00000,0x000000a929f00000)]
  0x0000022971078800 JavaThread "Exec Default Executor" daemon [_thread_in_native, id=31544, stack(0x000000a92a200000,0x000000a92a300000)]
  0x000002297107a000 JavaThread "Exec Stream Pumper" daemon [_thread_in_native, id=34016, stack(0x000000a92a300000,0x000000a92a400000)]
  0x0000022971075000 JavaThread "Exec Stream Pumper" daemon [_thread_in_native, id=35116, stack(0x000000a92a400000,0x000000a92a500000)]
  0x0000022971074000 JavaThread "ForkJoinPool.commonPool-worker-3" daemon [_thread_blocked, id=31180, stack(0x000000a92a500000,0x000000a92a600000)]
  0x000002297107b000 JavaThread "OkHttp ConnectionPool" daemon [_thread_blocked, id=35548, stack(0x000000a92a600000,0x000000a92a700000)]
  0x0000022971077800 JavaThread "Okio Watchdog" daemon [_thread_blocked, id=8932, stack(0x000000a92a700000,0x000000a92a800000)]

Other Threads:
  0x00000229706cc800 VMThread "VM Thread" [stack: 0x000000a929200000,0x000000a929300000] [id=37736]
  0x00000229711d9000 WatcherThread [stack: 0x000000a929b00000,0x000000a929c00000] [id=39396]
  0x00000229530cf800 GCTaskThread "GC Thread#0" [stack: 0x000000a928d00000,0x000000a928e00000] [id=220]
  0x0000022971701000 GCTaskThread "GC Thread#1" [stack: 0x000000a929f00000,0x000000a92a000000] [id=8372]
  0x000002297162e000 GCTaskThread "GC Thread#2" [stack: 0x000000a92a000000,0x000000a92a100000] [id=38496]
  0x000002297162f000 GCTaskThread "GC Thread#3" [stack: 0x000000a92a100000,0x000000a92a200000] [id=39720]
  0x0000022953102800 ConcurrentGCThread "G1 Main Marker" [stack: 0x000000a928e00000,0x000000a928f00000] [id=37100]
  0x0000022953104000 ConcurrentGCThread "G1 Conc#0" [stack: 0x000000a928f00000,0x000000a929000000] [id=35068]
  0x0000022970540800 ConcurrentGCThread "G1 Refine#0" [stack: 0x000000a929000000,0x000000a929100000] [id=38172]
  0x0000022970541000 ConcurrentGCThread "G1 Young RemSet Sampling" [stack: 0x000000a929100000,0x000000a929200000] [id=38180]

Threads with active compile tasks:
C2 CompilerThread0  11284 1764       4       java.util.regex.Matcher::search (154 bytes)

VM state:not at safepoint (normal execution)

VM Mutex/Monitor currently owned by a thread: None

Heap address: 0x0000000081e00000, size: 2018 MB, Compressed Oops mode: 32-bit
Narrow klass base: 0x0000000000000000, Narrow klass shift: 3
Compressed class space size: 1073741824 Address: 0x0000000100000000

Heap:
 garbage-first heap   total 131072K, used 7997K [0x0000000081e00000, 0x0000000100000000)
  region size 1024K, 8 young (8192K), 5 survivors (5120K)
 Metaspace       used 21673K, capacity 22247K, committed 22400K, reserved 1069056K
  class space    used 2383K, capacity 2585K, committed 2688K, reserved 1048576K
Heap Regions: E=young(eden), S=young(survivor), O=old, HS=humongous(starts), HC=humongous(continues), CS=collection set, F=free, A=archive, TAMS=top-at-mark-start (previous, next)
|   0|0x0000000081e00000, 0x0000000081f00000, 0x0000000081f00000|100%|HS|  |TAMS 0x0000000081f00000, 0x0000000081e00000| Complete 
|   1|0x0000000081f00000, 0x0000000081f1b400, 0x0000000082000000| 10%| O|  |TAMS 0x0000000081f1b400, 0x0000000081f00000| Untracked 
|   2|0x0000000082000000, 0x0000000082000000, 0x0000000082100000|  0%| F|  |TAMS 0x0000000082000000, 0x0000000082000000| Untracked 
|   3|0x0000000082100000, 0x0000000082100000, 0x0000000082200000|  0%| F|  |TAMS 0x0000000082100000, 0x0000000082100000| Untracked 
|   4|0x0000000082200000, 0x0000000082200000, 0x0000000082300000|  0%| F|  |TAMS 0x0000000082200000, 0x0000000082200000| Untracked 
|   5|0x0000000082300000, 0x0000000082300000, 0x0000000082400000|  0%| F|  |TAMS 0x0000000082300000, 0x0000000082300000| Untracked 
|   6|0x0000000082400000, 0x0000000082400000, 0x0000000082500000|  0%| F|  |TAMS 0x0000000082400000, 0x0000000082400000| Untracked 
|   7|0x0000000082500000, 0x0000000082500000, 0x0000000082600000|  0%| F|  |TAMS 0x0000000082500000, 0x0000000082500000| Untracked 
|   8|0x0000000082600000, 0x0000000082600000, 0x0000000082700000|  0%| F|  |TAMS 0x0000000082600000, 0x0000000082600000| Untracked 
|   9|0x0000000082700000, 0x0000000082700000, 0x0000000082800000|  0%| F|  |TAMS 0x0000000082700000, 0x0000000082700000| Untracked 
|  10|0x0000000082800000, 0x0000000082800000, 0x0000000082900000|  0%| F|  |TAMS 0x0000000082800000, 0x0000000082800000| Untracked 
|  11|0x0000000082900000, 0x0000000082900000, 0x0000000082a00000|  0%| F|  |TAMS 0x0000000082900000, 0x0000000082900000| Untracked 
|  12|0x0000000082a00000, 0x0000000082a00000, 0x0000000082b00000|  0%| F|  |TAMS 0x0000000082a00000, 0x0000000082a00000| Untracked 
|  13|0x0000000082b00000, 0x0000000082b00000, 0x0000000082c00000|  0%| F|  |TAMS 0x0000000082b00000, 0x0000000082b00000| Untracked 
|  14|0x0000000082c00000, 0x0000000082c00000, 0x0000000082d00000|  0%| F|  |TAMS 0x0000000082c00000, 0x0000000082c00000| Untracked 
|  15|0x0000000082d00000, 0x0000000082d00000, 0x0000000082e00000|  0%| F|  |TAMS 0x0000000082d00000, 0x0000000082d00000| Untracked 
|  16|0x0000000082e00000, 0x0000000082e00000, 0x0000000082f00000|  0%| F|  |TAMS 0x0000000082e00000, 0x0000000082e00000| Untracked 
|  17|0x0000000082f00000, 0x0000000082f00000, 0x0000000083000000|  0%| F|  |TAMS 0x0000000082f00000, 0x0000000082f00000| Untracked 
|  18|0x0000000083000000, 0x0000000083000000, 0x0000000083100000|  0%| F|  |TAMS 0x0000000083000000, 0x0000000083000000| Untracked 
|  19|0x0000000083100000, 0x0000000083100000, 0x0000000083200000|  0%| F|  |TAMS 0x0000000083100000, 0x0000000083100000| Untracked 
|  20|0x0000000083200000, 0x0000000083200000, 0x0000000083300000|  0%| F|  |TAMS 0x0000000083200000, 0x0000000083200000| Untracked 
|  21|0x0000000083300000, 0x0000000083300000, 0x0000000083400000|  0%| F|  |TAMS 0x0000000083300000, 0x0000000083300000| Untracked 
|  22|0x0000000083400000, 0x0000000083400000, 0x0000000083500000|  0%| F|  |TAMS 0x0000000083400000, 0x0000000083400000| Untracked 
|  23|0x0000000083500000, 0x0000000083500000, 0x0000000083600000|  0%| F|  |TAMS 0x0000000083500000, 0x0000000083500000| Untracked 
|  24|0x0000000083600000, 0x0000000083600000, 0x0000000083700000|  0%| F|  |TAMS 0x0000000083600000, 0x0000000083600000| Untracked 
|  25|0x0000000083700000, 0x0000000083700000, 0x0000000083800000|  0%| F|  |TAMS 0x0000000083700000, 0x0000000083700000| Untracked 
|  26|0x0000000083800000, 0x0000000083800000, 0x0000000083900000|  0%| F|  |TAMS 0x0000000083800000, 0x0000000083800000| Untracked 
|  27|0x0000000083900000, 0x0000000083900000, 0x0000000083a00000|  0%| F|  |TAMS 0x0000000083900000, 0x0000000083900000| Untracked 
|  28|0x0000000083a00000, 0x0000000083a00000, 0x0000000083b00000|  0%| F|  |TAMS 0x0000000083a00000, 0x0000000083a00000| Untracked 
|  29|0x0000000083b00000, 0x0000000083b00000, 0x0000000083c00000|  0%| F|  |TAMS 0x0000000083b00000, 0x0000000083b00000| Untracked 
|  30|0x0000000083c00000, 0x0000000083c00000, 0x0000000083d00000|  0%| F|  |TAMS 0x0000000083c00000, 0x0000000083c00000| Untracked 
|  31|0x0000000083d00000, 0x0000000083d00000, 0x0000000083e00000|  0%| F|  |TAMS 0x0000000083d00000, 0x0000000083d00000| Untracked 
|  32|0x0000000083e00000, 0x0000000083e00000, 0x0000000083f00000|  0%| F|  |TAMS 0x0000000083e00000, 0x0000000083e00000| Untracked 
|  33|0x0000000083f00000, 0x0000000083f00000, 0x0000000084000000|  0%| F|  |TAMS 0x0000000083f00000, 0x0000000083f00000| Untracked 
|  34|0x0000000084000000, 0x0000000084000000, 0x0000000084100000|  0%| F|  |TAMS 0x0000000084000000, 0x0000000084000000| Untracked 
|  35|0x0000000084100000, 0x0000000084100000, 0x0000000084200000|  0%| F|  |TAMS 0x0000000084100000, 0x0000000084100000| Untracked 
|  36|0x0000000084200000, 0x0000000084200000, 0x0000000084300000|  0%| F|  |TAMS 0x0000000084200000, 0x0000000084200000| Untracked 
|  37|0x0000000084300000, 0x0000000084300000, 0x0000000084400000|  0%| F|  |TAMS 0x0000000084300000, 0x0000000084300000| Untracked 
|  38|0x0000000084400000, 0x0000000084400000, 0x0000000084500000|  0%| F|  |TAMS 0x0000000084400000, 0x0000000084400000| Untracked 
|  39|0x0000000084500000, 0x0000000084500000, 0x0000000084600000|  0%| F|  |TAMS 0x0000000084500000, 0x0000000084500000| Untracked 
|  40|0x0000000084600000, 0x0000000084600000, 0x0000000084700000|  0%| F|  |TAMS 0x0000000084600000, 0x0000000084600000| Untracked 
|  41|0x0000000084700000, 0x0000000084700000, 0x0000000084800000|  0%| F|  |TAMS 0x0000000084700000, 0x0000000084700000| Untracked 
|  42|0x0000000084800000, 0x0000000084800000, 0x0000000084900000|  0%| F|  |TAMS 0x0000000084800000, 0x0000000084800000| Untracked 
|  43|0x0000000084900000, 0x0000000084900000, 0x0000000084a00000|  0%| F|  |TAMS 0x0000000084900000, 0x0000000084900000| Untracked 
|  44|0x0000000084a00000, 0x0000000084a00000, 0x0000000084b00000|  0%| F|  |TAMS 0x0000000084a00000, 0x0000000084a00000| Untracked 
|  45|0x0000000084b00000, 0x0000000084b00000, 0x0000000084c00000|  0%| F|  |TAMS 0x0000000084b00000, 0x0000000084b00000| Untracked 
|  46|0x0000000084c00000, 0x0000000084c00000, 0x0000000084d00000|  0%| F|  |TAMS 0x0000000084c00000, 0x0000000084c00000| Untracked 
|  47|0x0000000084d00000, 0x0000000084d00000, 0x0000000084e00000|  0%| F|  |TAMS 0x0000000084d00000, 0x0000000084d00000| Untracked 
|  48|0x0000000084e00000, 0x0000000084e00000, 0x0000000084f00000|  0%| F|  |TAMS 0x0000000084e00000, 0x0000000084e00000| Untracked 
|  49|0x0000000084f00000, 0x0000000084f00000, 0x0000000085000000|  0%| F|  |TAMS 0x0000000084f00000, 0x0000000084f00000| Untracked 
|  50|0x0000000085000000, 0x0000000085000000, 0x0000000085100000|  0%| F|  |TAMS 0x0000000085000000, 0x0000000085000000| Untracked 
|  51|0x0000000085100000, 0x0000000085100000, 0x0000000085200000|  0%| F|  |TAMS 0x0000000085100000, 0x0000000085100000| Untracked 
|  52|0x0000000085200000, 0x0000000085200000, 0x0000000085300000|  0%| F|  |TAMS 0x0000000085200000, 0x0000000085200000| Untracked 
|  53|0x0000000085300000, 0x0000000085300000, 0x0000000085400000|  0%| F|  |TAMS 0x0000000085300000, 0x0000000085300000| Untracked 
|  54|0x0000000085400000, 0x0000000085400000, 0x0000000085500000|  0%| F|  |TAMS 0x0000000085400000, 0x0000000085400000| Untracked 
|  55|0x0000000085500000, 0x0000000085500000, 0x0000000085600000|  0%| F|  |TAMS 0x0000000085500000, 0x0000000085500000| Untracked 
|  56|0x0000000085600000, 0x0000000085600000, 0x0000000085700000|  0%| F|  |TAMS 0x0000000085600000, 0x0000000085600000| Untracked 
|  57|0x0000000085700000, 0x0000000085700000, 0x0000000085800000|  0%| F|  |TAMS 0x0000000085700000, 0x0000000085700000| Untracked 
|  58|0x0000000085800000, 0x0000000085800000, 0x0000000085900000|  0%| F|  |TAMS 0x0000000085800000, 0x0000000085800000| Untracked 
|  59|0x0000000085900000, 0x0000000085900000, 0x0000000085a00000|  0%| F|  |TAMS 0x0000000085900000, 0x0000000085900000| Untracked 
|  60|0x0000000085a00000, 0x0000000085a00000, 0x0000000085b00000|  0%| F|  |TAMS 0x0000000085a00000, 0x0000000085a00000| Untracked 
|  61|0x0000000085b00000, 0x0000000085b00000, 0x0000000085c00000|  0%| F|  |TAMS 0x0000000085b00000, 0x0000000085b00000| Untracked 
|  62|0x0000000085c00000, 0x0000000085c00000, 0x0000000085d00000|  0%| F|  |TAMS 0x0000000085c00000, 0x0000000085c00000| Untracked 
|  63|0x0000000085d00000, 0x0000000085d00000, 0x0000000085e00000|  0%| F|  |TAMS 0x0000000085d00000, 0x0000000085d00000| Untracked 
|  64|0x0000000085e00000, 0x0000000085e00000, 0x0000000085f00000|  0%| F|  |TAMS 0x0000000085e00000, 0x0000000085e00000| Untracked 
|  65|0x0000000085f00000, 0x0000000085f00000, 0x0000000086000000|  0%| F|  |TAMS 0x0000000085f00000, 0x0000000085f00000| Untracked 
|  66|0x0000000086000000, 0x0000000086000000, 0x0000000086100000|  0%| F|  |TAMS 0x0000000086000000, 0x0000000086000000| Untracked 
|  67|0x0000000086100000, 0x0000000086100000, 0x0000000086200000|  0%| F|  |TAMS 0x0000000086100000, 0x0000000086100000| Untracked 
|  68|0x0000000086200000, 0x0000000086200000, 0x0000000086300000|  0%| F|  |TAMS 0x0000000086200000, 0x0000000086200000| Untracked 
|  69|0x0000000086300000, 0x0000000086300000, 0x0000000086400000|  0%| F|  |TAMS 0x0000000086300000, 0x0000000086300000| Untracked 
|  70|0x0000000086400000, 0x0000000086400000, 0x0000000086500000|  0%| F|  |TAMS 0x0000000086400000, 0x0000000086400000| Untracked 
|  71|0x0000000086500000, 0x0000000086500000, 0x0000000086600000|  0%| F|  |TAMS 0x0000000086500000, 0x0000000086500000| Untracked 
|  72|0x0000000086600000, 0x0000000086600000, 0x0000000086700000|  0%| F|  |TAMS 0x0000000086600000, 0x0000000086600000| Untracked 
|  73|0x0000000086700000, 0x0000000086700000, 0x0000000086800000|  0%| F|  |TAMS 0x0000000086700000, 0x0000000086700000| Untracked 
|  74|0x0000000086800000, 0x0000000086800000, 0x0000000086900000|  0%| F|  |TAMS 0x0000000086800000, 0x0000000086800000| Untracked 
|  75|0x0000000086900000, 0x0000000086900000, 0x0000000086a00000|  0%| F|  |TAMS 0x0000000086900000, 0x0000000086900000| Untracked 
|  76|0x0000000086a00000, 0x0000000086a00000, 0x0000000086b00000|  0%| F|  |TAMS 0x0000000086a00000, 0x0000000086a00000| Untracked 
|  77|0x0000000086b00000, 0x0000000086b00000, 0x0000000086c00000|  0%| F|  |TAMS 0x0000000086b00000, 0x0000000086b00000| Untracked 
|  78|0x0000000086c00000, 0x0000000086c00000, 0x0000000086d00000|  0%| F|  |TAMS 0x0000000086c00000, 0x0000000086c00000| Untracked 
|  79|0x0000000086d00000, 0x0000000086d00000, 0x0000000086e00000|  0%| F|  |TAMS 0x0000000086d00000, 0x0000000086d00000| Untracked 
|  80|0x0000000086e00000, 0x0000000086e00000, 0x0000000086f00000|  0%| F|  |TAMS 0x0000000086e00000, 0x0000000086e00000| Untracked 
|  81|0x0000000086f00000, 0x0000000086f00000, 0x0000000087000000|  0%| F|  |TAMS 0x0000000086f00000, 0x0000000086f00000| Untracked 
|  82|0x0000000087000000, 0x0000000087000000, 0x0000000087100000|  0%| F|  |TAMS 0x0000000087000000, 0x0000000087000000| Untracked 
|  83|0x0000000087100000, 0x0000000087100000, 0x0000000087200000|  0%| F|  |TAMS 0x0000000087100000, 0x0000000087100000| Untracked 
|  84|0x0000000087200000, 0x0000000087200000, 0x0000000087300000|  0%| F|  |TAMS 0x0000000087200000, 0x0000000087200000| Untracked 
|  85|0x0000000087300000, 0x0000000087300000, 0x0000000087400000|  0%| F|  |TAMS 0x0000000087300000, 0x0000000087300000| Untracked 
|  86|0x0000000087400000, 0x0000000087400000, 0x0000000087500000|  0%| F|  |TAMS 0x0000000087400000, 0x0000000087400000| Untracked 
|  87|0x0000000087500000, 0x0000000087500000, 0x0000000087600000|  0%| F|  |TAMS 0x0000000087500000, 0x0000000087500000| Untracked 
|  88|0x0000000087600000, 0x0000000087600000, 0x0000000087700000|  0%| F|  |TAMS 0x0000000087600000, 0x0000000087600000| Untracked 
|  89|0x0000000087700000, 0x0000000087700000, 0x0000000087800000|  0%| F|  |TAMS 0x0000000087700000, 0x0000000087700000| Untracked 
|  90|0x0000000087800000, 0x0000000087800000, 0x0000000087900000|  0%| F|  |TAMS 0x0000000087800000, 0x0000000087800000| Untracked 
|  91|0x0000000087900000, 0x0000000087900000, 0x0000000087a00000|  0%| F|  |TAMS 0x0000000087900000, 0x0000000087900000| Untracked 
|  92|0x0000000087a00000, 0x0000000087a00000, 0x0000000087b00000|  0%| F|  |TAMS 0x0000000087a00000, 0x0000000087a00000| Untracked 
|  93|0x0000000087b00000, 0x0000000087b00000, 0x0000000087c00000|  0%| F|  |TAMS 0x0000000087b00000, 0x0000000087b00000| Untracked 
|  94|0x0000000087c00000, 0x0000000087c00000, 0x0000000087d00000|  0%| F|  |TAMS 0x0000000087c00000, 0x0000000087c00000| Untracked 
|  95|0x0000000087d00000, 0x0000000087db4120, 0x0000000087e00000| 70%| S|CS|TAMS 0x0000000087d00000, 0x0000000087d00000| Complete 
|  96|0x0000000087e00000, 0x0000000087f00000, 0x0000000087f00000|100%| S|CS|TAMS 0x0000000087e00000, 0x0000000087e00000| Complete 
|  97|0x0000000087f00000, 0x0000000088000000, 0x0000000088000000|100%| S|CS|TAMS 0x0000000087f00000, 0x0000000087f00000| Complete 
|  98|0x0000000088000000, 0x0000000088100000, 0x0000000088100000|100%| S|CS|TAMS 0x0000000088000000, 0x0000000088000000| Complete 
|  99|0x0000000088100000, 0x0000000088200000, 0x0000000088200000|100%| S|CS|TAMS 0x0000000088100000, 0x0000000088100000| Complete 
| 100|0x0000000088200000, 0x0000000088200000, 0x0000000088300000|  0%| F|  |TAMS 0x0000000088200000, 0x0000000088200000| Untracked 
| 101|0x0000000088300000, 0x0000000088300000, 0x0000000088400000|  0%| F|  |TAMS 0x0000000088300000, 0x0000000088300000| Untracked 
| 102|0x0000000088400000, 0x0000000088400000, 0x0000000088500000|  0%| F|  |TAMS 0x0000000088400000, 0x0000000088400000| Untracked 
| 103|0x0000000088500000, 0x0000000088500000, 0x0000000088600000|  0%| F|  |TAMS 0x0000000088500000, 0x0000000088500000| Untracked 
| 104|0x0000000088600000, 0x0000000088600000, 0x0000000088700000|  0%| F|  |TAMS 0x0000000088600000, 0x0000000088600000| Untracked 
| 105|0x0000000088700000, 0x0000000088700000, 0x0000000088800000|  0%| F|  |TAMS 0x0000000088700000, 0x0000000088700000| Untracked 
| 106|0x0000000088800000, 0x0000000088800000, 0x0000000088900000|  0%| F|  |TAMS 0x0000000088800000, 0x0000000088800000| Untracked 
| 107|0x0000000088900000, 0x0000000088900000, 0x0000000088a00000|  0%| F|  |TAMS 0x0000000088900000, 0x0000000088900000| Untracked 
| 108|0x0000000088a00000, 0x0000000088a00000, 0x0000000088b00000|  0%| F|  |TAMS 0x0000000088a00000, 0x0000000088a00000| Untracked 
| 109|0x0000000088b00000, 0x0000000088b00000, 0x0000000088c00000|  0%| F|  |TAMS 0x0000000088b00000, 0x0000000088b00000| Untracked 
| 110|0x0000000088c00000, 0x0000000088c00000, 0x0000000088d00000|  0%| F|  |TAMS 0x0000000088c00000, 0x0000000088c00000| Untracked 
| 111|0x0000000088d00000, 0x0000000088d00000, 0x0000000088e00000|  0%| F|  |TAMS 0x0000000088d00000, 0x0000000088d00000| Untracked 
| 112|0x0000000088e00000, 0x0000000088e00000, 0x0000000088f00000|  0%| F|  |TAMS 0x0000000088e00000, 0x0000000088e00000| Untracked 
| 113|0x0000000088f00000, 0x0000000088f00000, 0x0000000089000000|  0%| F|  |TAMS 0x0000000088f00000, 0x0000000088f00000| Untracked 
| 114|0x0000000089000000, 0x0000000089000000, 0x0000000089100000|  0%| F|  |TAMS 0x0000000089000000, 0x0000000089000000| Untracked 
| 115|0x0000000089100000, 0x0000000089100000, 0x0000000089200000|  0%| F|  |TAMS 0x0000000089100000, 0x0000000089100000| Untracked 
| 116|0x0000000089200000, 0x0000000089200000, 0x0000000089300000|  0%| F|  |TAMS 0x0000000089200000, 0x0000000089200000| Untracked 
| 117|0x0000000089300000, 0x0000000089300000, 0x0000000089400000|  0%| F|  |TAMS 0x0000000089300000, 0x0000000089300000| Untracked 
| 118|0x0000000089400000, 0x0000000089400000, 0x0000000089500000|  0%| F|  |TAMS 0x0000000089400000, 0x0000000089400000| Untracked 
| 119|0x0000000089500000, 0x0000000089500000, 0x0000000089600000|  0%| F|  |TAMS 0x0000000089500000, 0x0000000089500000| Untracked 
| 120|0x0000000089600000, 0x0000000089600000, 0x0000000089700000|  0%| F|  |TAMS 0x0000000089600000, 0x0000000089600000| Untracked 
| 121|0x0000000089700000, 0x0000000089700000, 0x0000000089800000|  0%| F|  |TAMS 0x0000000089700000, 0x0000000089700000| Untracked 
| 122|0x0000000089800000, 0x0000000089800000, 0x0000000089900000|  0%| F|  |TAMS 0x0000000089800000, 0x0000000089800000| Untracked 
| 123|0x0000000089900000, 0x0000000089900000, 0x0000000089a00000|  0%| F|  |TAMS 0x0000000089900000, 0x0000000089900000| Untracked 
| 124|0x0000000089a00000, 0x0000000089a00000, 0x0000000089b00000|  0%| F|  |TAMS 0x0000000089a00000, 0x0000000089a00000| Untracked 
| 125|0x0000000089b00000, 0x0000000089bb56a0, 0x0000000089c00000| 70%| E|  |TAMS 0x0000000089b00000, 0x0000000089b00000| Complete 
| 126|0x0000000089c00000, 0x0000000089d00000, 0x0000000089d00000|100%| E|CS|TAMS 0x0000000089c00000, 0x0000000089c00000| Complete 
| 127|0x0000000089d00000, 0x0000000089e00000, 0x0000000089e00000|100%| E|CS|TAMS 0x0000000089d00000, 0x0000000089d00000| Complete 

Card table byte_map: [0x0000022969ae0000,0x0000022969ee0000] _byte_map_base: 0x00000229696d1000

Marking Bits (Prev, Next): (CMBitMap*) 0x00000229530f9b30, (CMBitMap*) 0x00000229530f9af8
 Prev Bits: [0x000002296c270000, 0x000002296e1f8000)
 Next Bits: [0x000002296a2e0000, 0x000002296c268000)

Polling page: 0x0000022951090000

Metaspace:

Usage:
  Non-class:     19.20 MB capacity,    18.84 MB ( 98%) used,   315.85 KB (  2%) free+waste,    56.25 KB ( <1%) overhead. 
      Class:      2.52 MB capacity,     2.33 MB ( 92%) used,   172.77 KB (  7%) free+waste,    28.38 KB (  1%) overhead. 
       Both:     21.73 MB capacity,    21.17 MB ( 97%) used,   488.62 KB (  2%) free+waste,    84.63 KB ( <1%) overhead. 

Virtual space:
  Non-class space:       20.00 MB reserved,      19.25 MB ( 96%) committed 
      Class space:        1.00 GB reserved,       2.63 MB ( <1%) committed 
             Both:        1.02 GB reserved,      21.88 MB (  2%) committed 

Chunk freelists:
   Non-Class:  6.25 KB
       Class:  896 bytes
        Both:  7.13 KB

CodeHeap 'non-profiled nmethods': size=120064Kb used=514Kb max_used=514Kb free=119549Kb
 bounds [0x00000229621a0000, 0x0000022962410000, 0x00000229696e0000]
CodeHeap 'profiled nmethods': size=120000Kb used=3381Kb max_used=3381Kb free=116618Kb
 bounds [0x000002295ac70000, 0x000002295afc0000, 0x00000229621a0000]
CodeHeap 'non-nmethods': size=5696Kb used=1155Kb max_used=1175Kb free=4540Kb
 bounds [0x000002295a6e0000, 0x000002295a950000, 0x000002295ac70000]
 total_blobs=2256 nmethods=1766 adapters=401
 compilation: enabled
              stopped_count=0, restarted_count=0
 full_count=0

Compilation events (10 events):
Event: 11.146 Thread 0x0000022970726000 nmethod 1762 0x000002295afb9e10 code [0x000002295afba080, 0x000002295afbac28]
Event: 11.249 Thread 0x0000022970726000 1763       3       java.util.ArrayList::toArray (57 bytes)
Event: 11.250 Thread 0x0000022970726000 nmethod 1763 0x000002295afbaf10 code [0x000002295afbb0e0, 0x000002295afbb5f8]
Event: 11.250 Thread 0x000002297071f000 1764       4       java.util.regex.Matcher::search (154 bytes)
Event: 11.250 Thread 0x0000022970726000 1765       3       org.openqa.selenium.json.Types::narrow (62 bytes)
Event: 11.252 Thread 0x0000022970726000 nmethod 1765 0x000002295afbb710 code [0x000002295afbb9e0, 0x000002295afbc948]
Event: 11.253 Thread 0x0000022970726000 1766       3       java.util.regex.Pattern$BmpCharPropertyGreedy::match (89 bytes)
Event: 11.254 Thread 0x0000022970726000 nmethod 1766 0x000002295afbcd90 code [0x000002295afbcf80, 0x000002295afbd5a8]
Event: 11.254 Thread 0x0000022970726000 1767       1       java.util.Formatter$FixedString::index (3 bytes)
Event: 11.254 Thread 0x0000022970726000 nmethod 1767 0x0000022962220590 code [0x0000022962220720, 0x00000229622207d8]

GC Heap History (4 events):
Event: 1.313 GC heap before
{Heap before GC invocations=0 (full 0):
 garbage-first heap   total 131072K, used 15360K [0x0000000081e00000, 0x0000000100000000)
  region size 1024K, 14 young (14336K), 0 survivors (0K)
 Metaspace       used 13285K, capacity 13575K, committed 13824K, reserved 1060864K
  class space    used 1333K, capacity 1420K, committed 1536K, reserved 1048576K
}
Event: 1.319 GC heap after
{Heap after GC invocations=1 (full 0):
 garbage-first heap   total 131072K, used 3181K [0x0000000081e00000, 0x0000000100000000)
  region size 1024K, 2 young (2048K), 2 survivors (2048K)
 Metaspace       used 13285K, capacity 13575K, committed 13824K, reserved 1060864K
  class space    used 1333K, capacity 1420K, committed 1536K, reserved 1048576K
}
Event: 8.430 GC heap before
{Heap before GC invocations=1 (full 0):
 garbage-first heap   total 131072K, used 27757K [0x0000000081e00000, 0x0000000100000000)
  region size 1024K, 28 young (28672K), 2 survivors (2048K)
 Metaspace       used 20579K, capacity 21088K, committed 21248K, reserved 1069056K
  class space    used 2258K, capacity 2454K, committed 2560K, reserved 1048576K
}
Event: 8.440 GC heap after
{Heap after GC invocations=2 (full 0):
 garbage-first heap   total 131072K, used 5949K [0x0000000081e00000, 0x0000000100000000)
  region size 1024K, 5 young (5120K), 5 survivors (5120K)
 Metaspace       used 20579K, capacity 21088K, committed 21248K, reserved 1069056K
  class space    used 2258K, capacity 2454K, committed 2560K, reserved 1048576K
}

Deoptimization events (10 events):
Event: 1.792 Thread 0x00000229530b8800 Uncommon trap: reason=unstable_if action=reinterpret pc=0x00000229621e8348 method=java.lang.CharacterDataLatin1.digit(II)I @ 12 c2
Event: 2.448 Thread 0x00000229530b8800 Uncommon trap: reason=unstable_if action=reinterpret pc=0x000002296220ac30 method=jdk.internal.org.objectweb.asm.Type.getArgumentsAndReturnSizes(Ljava/lang/String;)I @ 88 c2
Event: 2.458 Thread 0x00000229530b8800 Uncommon trap: reason=class_check action=maybe_recompile pc=0x00000229621f3d84 method=java.util.concurrent.ConcurrentHashMap.putVal(Ljava/lang/Object;Ljava/lang/Object;Z)Ljava/lang/Object; @ 159 c2
Event: 2.466 Thread 0x00000229530b8800 Uncommon trap: reason=unstable_if action=reinterpret pc=0x00000229622042b8 method=java.util.regex.Pattern$BmpCharProperty.match(Ljava/util/regex/Matcher;ILjava/lang/CharSequence;)Z @ 5 c2
Event: 2.571 Thread 0x00000229530b8800 Uncommon trap: reason=unstable_if action=reinterpret pc=0x00000229621e5c44 method=java.lang.CharacterDataLatin1.digit(II)I @ 12 c2
Event: 8.418 Thread 0x00000229530b8800 Uncommon trap: reason=class_check action=maybe_recompile pc=0x0000022962210ef8 method=org.openqa.selenium.json.Input.init()V @ 18 c2
Event: 8.419 Thread 0x00000229530b8800 Uncommon trap: reason=class_check action=maybe_recompile pc=0x0000022962210ef8 method=org.openqa.selenium.json.Input.init()V @ 18 c2
Event: 8.419 Thread 0x00000229530b8800 Uncommon trap: reason=class_check action=maybe_recompile pc=0x0000022962210ef8 method=org.openqa.selenium.json.Input.init()V @ 18 c2
Event: 8.419 Thread 0x00000229530b8800 Uncommon trap: reason=class_check action=maybe_recompile pc=0x0000022962210ef8 method=org.openqa.selenium.json.Input.init()V @ 18 c2
Event: 8.462 Thread 0x00000229530b8800 Uncommon trap: reason=unstable_if action=reinterpret pc=0x00000229621f3ef0 method=java.util.concurrent.ConcurrentHashMap.putVal(Ljava/lang/Object;Ljava/lang/Object;Z)Ljava/lang/Object; @ 256 c2

Classes redefined (0 events):
No events

Internal exceptions (10 events):
Event: 2.338 Thread 0x00000229530b8800 Exception <a 'java/lang/NoSuchMethodError'{0x0000000088c50c78}: java.lang.invoke.DirectMethodHandle$Holder.invokeVirtual(Ljava/lang/Object;Ljava/lang/Object;)F> (0x0000000088c50c78) thrown at [./open/src/hotspot/share/interpreter/linkResolver.cpp, line 77
Event: 2.339 Thread 0x00000229530b8800 Exception <a 'java/lang/NoSuchMethodError'{0x0000000088c59148}: java.lang.invoke.DirectMethodHandle$Holder.invokeVirtual(Ljava/lang/Object;Ljava/lang/Object;)J> (0x0000000088c59148) thrown at [./open/src/hotspot/share/interpreter/linkResolver.cpp, line 77
Event: 2.344 Thread 0x00000229530b8800 Exception <a 'java/lang/NoSuchMethodError'{0x0000000088c82eb0}: java.lang.invoke.DirectMethodHandle$Holder.invokeVirtual(Ljava/lang/Object;Ljava/lang/Object;Ljava/lang/Object;)Ljava/lang/Object;> (0x0000000088c82eb0) thrown at [./open/src/hotspot/share/in
Event: 2.460 Thread 0x00000229530b8800 Exception <a 'java/lang/NoSuchMethodError'{0x00000000889f3138}: java.lang.invoke.DirectMethodHandle$Holder.invokeStatic(Ljava/lang/Object;Ljava/lang/Object;Ljava/lang/Object;Ljava/lang/Object;Ljava/lang/Object;)V> (0x00000000889f3138) thrown at [./open/sr
Event: 2.552 Thread 0x00000229530b8800 Exception <a 'java/lang/NoSuchMethodError'{0x000000008840cb68}: java.lang.invoke.DirectMethodHandle$Holder.invokeStatic(Ljava/lang/Object;Ljava/lang/Object;Ljava/lang/Object;Ljava/lang/Object;)V> (0x000000008840cb68) thrown at [./open/src/hotspot/share/in
Event: 8.427 Thread 0x00000229530b8800 Exception <a 'java/lang/NoSuchMethodError'{0x0000000088217d00}: java.lang.invoke.DirectMethodHandle$Holder.invokeSpecialIFC(Ljava/lang/Object;Ljava/lang/Object;Ljava/lang/Object;)Ljava/lang/Object;> (0x0000000088217d00) thrown at [./open/src/hotspot/share
Event: 8.502 Thread 0x00000229530b8800 Exception <a 'java/lang/ClassNotFoundException'{0x0000000089c25078}: sun/util/logging/resources/spi/loggingProvider> (0x0000000089c25078) thrown at [./open/src/hotspot/share/classfile/systemDictionary.cpp, line 227]
Event: 8.556 Thread 0x00000229530b8800 Exception <a 'java/net/SocketTimeoutException'{0x0000000089b0f588}: Read timed out> (0x0000000089b0f588) thrown at [./open/src/hotspot/share/prims/jni.cpp, line 632]
Event: 8.580 Thread 0x00000229530b8800 Exception <a 'java/net/SocketTimeoutException'{0x0000000089b28638}: Read timed out> (0x0000000089b28638) thrown at [./open/src/hotspot/share/prims/jni.cpp, line 632]
Event: 11.093 Thread 0x00000229530b8800 Exception <a 'java/net/SocketTimeoutException'{0x0000000089b57750}: Read timed out> (0x0000000089b57750) thrown at [./open/src/hotspot/share/prims/jni.cpp, line 632]

Events (10 events):
Event: 11.088 loading class org/openqa/selenium/By$ByLinkText
Event: 11.088 loading class org/openqa/selenium/By$ByLinkText done
Event: 11.089 loading class org/openqa/selenium/By$ByTagName
Event: 11.089 loading class org/openqa/selenium/By$ByTagName done
Event: 11.089 loading class org/openqa/selenium/By$ByCssSelector
Event: 11.089 loading class org/openqa/selenium/By$ByCssSelector done
Event: 11.089 loading class org/openqa/selenium/By$ByPartialLinkText
Event: 11.089 loading class org/openqa/selenium/By$ByPartialLinkText done
Event: 11.252 loading class org/openqa/selenium/interactions/Coordinates
Event: 11.252 loading class org/openqa/selenium/interactions/Coordinates done


Dynamic libraries:
0x00007ff76c2a0000 - 0x00007ff76c2af000 	C:\Program Files\Java\jdk-11.0.13\bin\javaw.exe
0x00007ff9845c0000 - 0x00007ff9847b0000 	C:\Windows\SYSTEM32\ntdll.dll
0x00007ff984480000 - 0x00007ff984532000 	C:\Windows\System32\KERNEL32.DLL
0x00007ff981ea0000 - 0x00007ff982143000 	C:\Windows\System32\KERNELBASE.dll
0x00007ff982310000 - 0x00007ff98240a000 	C:\Windows\System32\ucrtbase.dll
0x00007ff974110000 - 0x00007ff974128000 	C:\Program Files\Java\jdk-11.0.13\bin\jli.dll
0x00007ff984130000 - 0x00007ff9841d3000 	C:\Windows\System32\ADVAPI32.dll
0x00007ff9843d0000 - 0x00007ff98446e000 	C:\Windows\System32\msvcrt.dll
0x00007ff973580000 - 0x00007ff973595000 	C:\Program Files\Java\jdk-11.0.13\bin\VCRUNTIME140.dll
0x00007ff983650000 - 0x00007ff9836e7000 	C:\Windows\System32\sechost.dll
0x00007ff982e00000 - 0x00007ff982f20000 	C:\Windows\System32\RPCRT4.dll
0x00007ff982bf0000 - 0x00007ff982d84000 	C:\Windows\System32\USER32.dll
0x00007ff981ca0000 - 0x00007ff981cc1000 	C:\Windows\System32\win32u.dll
0x00007ff982bc0000 - 0x00007ff982be6000 	C:\Windows\System32\GDI32.dll
0x00007ff982170000 - 0x00007ff982304000 	C:\Windows\System32\gdi32full.dll
0x00007ff982550000 - 0x00007ff9825ee000 	C:\Windows\System32\msvcp_win.dll
0x00007ff97b420000 - 0x00007ff97b42a000 	C:\Windows\SYSTEM32\VERSION.dll
0x00007ff97b180000 - 0x00007ff97b405000 	C:\Windows\WinSxS\amd64_microsoft.windows.common-controls_6595b64144ccf1df_6.0.18362.418_none_e6c6b287130d565d\COMCTL32.dll
0x00007ff982720000 - 0x00007ff982a56000 	C:\Windows\System32\combase.dll
0x00007ff981e20000 - 0x00007ff981ea0000 	C:\Windows\System32\bcryptPrimitives.dll
0x00007ff9843a0000 - 0x00007ff9843ce000 	C:\Windows\System32\IMM32.DLL
0x00007ff962c40000 - 0x00007ff962cdb000 	C:\Program Files\Java\jdk-11.0.13\bin\msvcp140.dll
0x00007ff95a400000 - 0x00007ff95af13000 	C:\Program Files\Java\jdk-11.0.13\bin\server\jvm.dll
0x00007ff979650000 - 0x00007ff979659000 	C:\Windows\SYSTEM32\WSOCK32.dll
0x00007ff984470000 - 0x00007ff984478000 	C:\Windows\System32\PSAPI.DLL
0x00007ff97f3d0000 - 0x00007ff97f3f4000 	C:\Windows\SYSTEM32\WINMM.dll
0x00007ff9841e0000 - 0x00007ff98424f000 	C:\Windows\System32\WS2_32.dll
0x00007ff97f2c0000 - 0x00007ff97f2ed000 	C:\Windows\SYSTEM32\winmmbase.dll
0x00007ff9825f0000 - 0x00007ff98263a000 	C:\Windows\System32\cfgmgr32.dll
0x00007ff981500000 - 0x00007ff981511000 	C:\Windows\System32\kernel.appcore.dll
0x00007ff97dda0000 - 0x00007ff97ddb0000 	C:\Program Files\Java\jdk-11.0.13\bin\verify.dll
0x00007ff970ae0000 - 0x00007ff970cd4000 	C:\Windows\SYSTEM32\DBGHELP.DLL
0x00007ff9709e0000 - 0x00007ff970a0a000 	C:\Windows\SYSTEM32\dbgcore.DLL
0x00007ff9706b0000 - 0x00007ff9706d8000 	C:\Program Files\Java\jdk-11.0.13\bin\java.dll
0x00007ff974170000 - 0x00007ff97417a000 	C:\Program Files\Java\jdk-11.0.13\bin\jimage.dll
0x00007ff973560000 - 0x00007ff973576000 	C:\Program Files\Java\jdk-11.0.13\bin\zip.dll
0x00007ff983a40000 - 0x00007ff984125000 	C:\Windows\System32\SHELL32.dll
0x00007ff983000000 - 0x00007ff9830a9000 	C:\Windows\System32\shcore.dll
0x00007ff981520000 - 0x00007ff981c9f000 	C:\Windows\System32\windows.storage.dll
0x00007ff9814e0000 - 0x00007ff9814ff000 	C:\Windows\System32\profapi.dll
0x00007ff981490000 - 0x00007ff9814da000 	C:\Windows\System32\powrprof.dll
0x00007ff981460000 - 0x00007ff981470000 	C:\Windows\System32\UMPDC.dll
0x00007ff983520000 - 0x00007ff983572000 	C:\Windows\System32\shlwapi.dll
0x00007ff982150000 - 0x00007ff982167000 	C:\Windows\System32\cryptsp.dll
0x00007ff970640000 - 0x00007ff970659000 	C:\Program Files\Java\jdk-11.0.13\bin\net.dll
0x00007ff9736d0000 - 0x00007ff9737c0000 	C:\Windows\SYSTEM32\WINHTTP.dll
0x00007ff980cd0000 - 0x00007ff980d37000 	C:\Windows\system32\mswsock.dll
0x00007ff96dcd0000 - 0x00007ff96dce2000 	C:\Program Files\Java\jdk-11.0.13\bin\nio.dll
0x00007ff980a20000 - 0x00007ff980aea000 	C:\Windows\SYSTEM32\DNSAPI.dll
0x00007ff984540000 - 0x00007ff984548000 	C:\Windows\System32\NSI.dll
0x00007ff9809e0000 - 0x00007ff980a1a000 	C:\Windows\SYSTEM32\IPHLPAPI.DLL
0x00007ff979d70000 - 0x00007ff979d7a000 	C:\Windows\System32\rasadhlp.dll
0x00007ff978e90000 - 0x00007ff978f07000 	C:\Windows\System32\fwpuclnt.dll
0x00007ff982520000 - 0x00007ff982546000 	C:\Windows\System32\bcrypt.dll
0x00007ff980840000 - 0x00007ff980873000 	C:\Windows\system32\rsaenh.dll
0x00007ff981380000 - 0x00007ff9813a5000 	C:\Windows\SYSTEM32\USERENV.dll
0x00007ff980ea0000 - 0x00007ff980eac000 	C:\Windows\SYSTEM32\CRYPTBASE.dll
0x00007ff979630000 - 0x00007ff979646000 	C:\Windows\SYSTEM32\dhcpcsvc6.DLL
0x00007ff97a210000 - 0x00007ff97a22c000 	C:\Windows\SYSTEM32\dhcpcsvc.DLL
0x00007ff96ce90000 - 0x00007ff96ceb5000 	C:\Program Files\Java\jdk-11.0.13\bin\sunec.dll
0x00007ff974100000 - 0x00007ff97410d000 	C:\Program Files\Java\jdk-11.0.13\bin\sunmscapi.dll
0x00007ff981cd0000 - 0x00007ff981e19000 	C:\Windows\System32\CRYPT32.dll
0x00007ff981470000 - 0x00007ff981482000 	C:\Windows\System32\MSASN1.dll
0x00007ff980fa0000 - 0x00007ff980fc6000 	C:\Windows\SYSTEM32\ncrypt.dll
0x00007ff980f60000 - 0x00007ff980f9b000 	C:\Windows\SYSTEM32\NTASN1.dll

dbghelp: loaded successfully - version: 4.0.5 - missing functions: none
symbol engine: initialized successfully - sym options: 0x614 - pdb path: .;C:\Program Files\Java\jdk-11.0.13\bin;C:\Windows\SYSTEM32;C:\Windows\WinSxS\amd64_microsoft.windows.common-controls_6595b64144ccf1df_6.0.18362.418_none_e6c6b287130d565d;C:\Program Files\Java\jdk-11.0.13\bin\server

VM Arguments:
jvm_args: -ea -Dfile.encoding=Cp1252 
java_command: org.testng.remote.RemoteTestNG -serport 59886 -protocol json -d G:\Learn_automation\01 - Software\eclipse-java-2021-12-R-win32-x86_64\workspace_2\tinyPulse-challenges\test-output C:\Users\ADMINI~1\AppData\Local\Temp\testng-eclipse--1849276134\testng-customsuite.xml
java_class_path (initial): G:\Learn_automation\01 - Software\eclipse-java-2021-12-R-win32-x86_64\eclipse\configuration\org.eclipse.osgi\429\0\.cp\lib\testng-remote.jar;G:\Learn_automation\01 - Software\eclipse-java-2021-12-R-win32-x86_64\workspace_2\tinyPulse-challenges\bin;G:\Learn_automation\01 - Software\eclipse-java-2021-12-R-win32-x86_64\workspace_2\tinyPulse-challenges\Libraries\selenium-server-standalone-3.141.59.jar;G:\Learn_automation\01 - Software\eclipse-java-2021-12-R-win32-x86_64\workspace_2\tinyPulse-challenges\Libraries\testng-6.14.3.jar
Launcher Type: SUN_STANDARD

[Global flags]
     intx CICompilerCount                          = 3                                         {product} {ergonomic}
     uint ConcGCThreads                            = 1                                         {product} {ergonomic}
     uint G1ConcRefinementThreads                  = 4                                         {product} {ergonomic}
   size_t G1HeapRegionSize                         = 1048576                                   {product} {ergonomic}
    uintx GCDrainStackTargetSize                   = 64                                        {product} {ergonomic}
   size_t InitialHeapSize                          = 134217728                                 {product} {ergonomic}
   size_t MarkStackSize                            = 4194304                                   {product} {ergonomic}
   size_t MaxHeapSize                              = 2116026368                                {product} {ergonomic}
   size_t MaxNewSize                               = 1268776960                                {product} {ergonomic}
   size_t MinHeapDeltaBytes                        = 1048576                                   {product} {ergonomic}
    uintx NonNMethodCodeHeapSize                   = 5830732                                {pd product} {ergonomic}
    uintx NonProfiledCodeHeapSize                  = 122913754                              {pd product} {ergonomic}
    uintx ProfiledCodeHeapSize                     = 122913754                              {pd product} {ergonomic}
    uintx ReservedCodeCacheSize                    = 251658240                              {pd product} {ergonomic}
     bool SegmentedCodeCache                       = true                                      {product} {ergonomic}
     bool UseCompressedClassPointers               = true                                 {lp64_product} {ergonomic}
     bool UseCompressedOops                        = true                                 {lp64_product} {ergonomic}
     bool UseG1GC                                  = true                                      {product} {ergonomic}
     bool UseLargePagesIndividualAllocation        = false                                  {pd product} {ergonomic}

Logging:
Log output configuration:
 #0: stdout all=warning uptime,level,tags
 #1: stderr all=off uptime,level,tags

Environment Variables:
PATH=G:/Learn_automation/01 - Software/eclipse-java-2021-12-R-win32-x86_64/eclipse//plugins/org.eclipse.justj.openjdk.hotspot.jre.full.win32.x86_64_17.0.1.v20211116-1657/jre/bin/server;G:/Learn_automation/01 - Software/eclipse-java-2021-12-R-win32-x86_64/eclipse//plugins/org.eclipse.justj.openjdk.hotspot.jre.full.win32.x86_64_17.0.1.v20211116-1657/jre/bin;C:\Program Files\Common Files\Oracle\Java\javapath;C:\Program Files (x86)\Intel\iCLS Client\;C:\Program Files\Intel\iCLS Client\;C:\Program Files (x86)\Common Files\Oracle\Java\javapath;C:\Windows\system32;C:\Windows;C:\Windows\System32\Wbem;C:\Windows\System32\WindowsPowerShell\v1.0\;C:\Windows\System32\OpenSSH\;C:\Program Files\Intel\Intel(R) Management Engine Components\DAL;C:\Program Files\Intel\Intel(R) Management Engine Components\IPT;C:\Program Files (x86)\Intel\Intel(R) Management Engine Components\DAL;C:\Program Files (x86)\Intel\Intel(R) Management Engine Components\IPT;C:\Program Files (x86)\NVIDIA Corporation\PhysX\Common;C:\Program Files\Git\cmd;C:\Users\Administrator\AppData\Local\Microsoft\WindowsApps;;G:\Learn_automation\01 - Software\eclipse-java-2021-12-R-win32-x86_64\eclipse;
USERNAME=Administrator
OS=Windows_NT
PROCESSOR_IDENTIFIER=Intel64 Family 6 Model 58 Stepping 9, GenuineIntel



---------------  S Y S T E M  ---------------

OS: Windows 10 , 64 bit Build 18362 (10.0.18362.329)

CPU:total 4 (initial active 4) (2 cores per cpu, 2 threads per core) family 6 model 58 stepping 9 microcode 0x20, cmov, cx8, fxsr, mmx, sse, sse2, sse3, ssse3, sse4.1, sse4.2, popcnt, avx, clmul, erms, ht, tsc, tscinvbit, tscinv

Memory: 4k page, system-wide physical 8066M (209M free)
TotalPageFile size 32642M (AvailPageFile size 2M)
current process WorkingSet (physical memory assigned to process): 94M, peak: 96M
current process commit charge ("private bytes"): 222M, peak: 225M

vm_info: Java HotSpot(TM) 64-Bit Server VM (11.0.13+10-LTS-370) for windows-amd64 JRE (11.0.13+10-LTS-370), built on Sep 15 2021 22:10:36 by "mach5one" with MS VC++ 15.9 (VS2017)

END.
