#
# There is insufficient memory for the Java Runtime Environment to continue.
# Native memory allocation (malloc) failed to allocate 34192 bytes for Chunk::new
# Possible reasons:
#   The system is out of physical RAM or swap space
#   The process is running with CompressedOops enabled, and the Java Heap may be blocking the growth of the native heap
# Possible solutions:
#   Reduce memory load on the system
#   Increase physical memory or swap space
#   Check if swap backing store is full
#   Decrease Java heap size (-Xmx/-Xms)
#   Decrease number of Java threads
#   Decrease Java thread stack sizes (-Xss)
#   Set larger code cache with -XX:ReservedCodeCacheSize=
#   JVM is running with Unscaled Compressed Oops mode in which the Java heap is
#     placed in the first 4GB address space. The Java Heap base address is the
#     maximum limit for the native heap growth. Please use -XX:HeapBaseMinAddress
#     to set the Java Heap base and to place the Java Heap above 4GB virtual address.
# This output file may be truncated or incomplete.
#
#  Out of Memory Error (./open/src/hotspot/share/memory/arena.cpp:197), pid=38936, tid=24840
#
# JRE version: Java(TM) SE Runtime Environment 18.9 (11.0.13+10) (build 11.0.13+10-LTS-370)
# Java VM: Java HotSpot(TM) 64-Bit Server VM 18.9 (11.0.13+10-LTS-370, mixed mode, tiered, compressed oops, g1 gc, windows-amd64)
# No core dump will be written. Minidumps are not enabled by default on client versions of Windows
#

---------------  S U M M A R Y ------------

Command Line: -ea -Dfile.encoding=Cp1252 org.testng.remote.RemoteTestNG -serport 64788 -protocol json -d G:\Learn_automation\01 - Software\eclipse-java-2021-12-R-win32-x86_64\workspace_2\tinyPulse-challenges\test-output C:\Users\ADMINI~1\AppData\Local\Temp\testng-eclipse--1328363350\testng-customsuite.xml

Host: Intel(R) Core(TM) i3-3240 CPU @ 3.40GHz, 4 cores, 7G,  Windows 10 , 64 bit Build 18362 (10.0.18362.329)
Time: Sun Mar  6 00:40:53 2022 SE Asia Standard Time elapsed time: 13.002484 seconds (0d 0h 0m 13s)

---------------  T H R E A D  ---------------

Current thread (0x000002085e886000):  JavaThread "C2 CompilerThread0" daemon [_thread_in_native, id=24840, stack(0x000000a21e200000,0x000000a21e300000)]


Current CompileTask:
C2:  13002 1759       4       java.util.regex.Matcher::search (154 bytes)

Stack: [0x000000a21e200000,0x000000a21e300000]
Native frames: (J=compiled Java code, j=interpreted, Vv=VM code, C=native code)
V  [jvm.dll+0x62870a]
V  [jvm.dll+0x761f2f]
V  [jvm.dll+0x7635d9]
V  [jvm.dll+0x763c63]
V  [jvm.dll+0x23d728]
V  [jvm.dll+0xb293c]
V  [jvm.dll+0xb2efc]
V  [jvm.dll+0xb2a4b]
V  [jvm.dll+0x68441c]
V  [jvm.dll+0x543214]
V  [jvm.dll+0x5454e6]
V  [jvm.dll+0x5333e1]
V  [jvm.dll+0x533bf8]
V  [jvm.dll+0x535a11]
V  [jvm.dll+0x535550]
V  [jvm.dll+0x535451]
V  [jvm.dll+0x53c745]
V  [jvm.dll+0x1f9ea3]
V  [jvm.dll+0x1f731d]
V  [jvm.dll+0x177991]
V  [jvm.dll+0x206d84]
V  [jvm.dll+0x204ebb]
V  [jvm.dll+0x727e70]
V  [jvm.dll+0x720a54]
V  [jvm.dll+0x627606]
C  [ucrtbase.dll+0x20e72]
C  [KERNEL32.DLL+0x17bd4]
C  [ntdll.dll+0x6ced1]


---------------  P R O C E S S  ---------------

Threads class SMR info:
_java_thread_list=0x000002085fc57250, length=17, elements={
0x000002083f2f8000, 0x000002085e840000, 0x000002085e840800, 0x000002085f1e2800,
0x000002085f1e3000, 0x000002085e87e800, 0x000002085e886000, 0x000002085e88a000,
0x000002085e893800, 0x000002085f360000, 0x000002085f35a000, 0x000002085f35d800,
0x000002085f35f000, 0x000002085f35b800, 0x000002085f35c800, 0x000002085f35e000,
0x000002085f360800
}

Java Threads: ( => current thread )
  0x000002083f2f8000 JavaThread "Forwarding sendKeysToElement on session cb6b7a71-e988-43ee-ba3c-a1ca33fc1737 to remote" [_thread_in_native, id=36584, stack(0x000000a21d600000,0x000000a21d700000)]
  0x000002085e840000 JavaThread "Reference Handler" daemon [_thread_blocked, id=30768, stack(0x000000a21dd00000,0x000000a21de00000)]
  0x000002085e840800 JavaThread "Finalizer" daemon [_thread_blocked, id=22760, stack(0x000000a21de00000,0x000000a21df00000)]
  0x000002085f1e2800 JavaThread "Signal Dispatcher" daemon [_thread_blocked, id=31184, stack(0x000000a21df00000,0x000000a21e000000)]
  0x000002085f1e3000 JavaThread "Attach Listener" daemon [_thread_blocked, id=36492, stack(0x000000a21e000000,0x000000a21e100000)]
  0x000002085e87e800 JavaThread "Service Thread" daemon [_thread_blocked, id=34368, stack(0x000000a21e100000,0x000000a21e200000)]
=>0x000002085e886000 JavaThread "C2 CompilerThread0" daemon [_thread_in_native, id=24840, stack(0x000000a21e200000,0x000000a21e300000)]
  0x000002085e88a000 JavaThread "C1 CompilerThread0" daemon [_thread_blocked, id=39036, stack(0x000000a21e300000,0x000000a21e400000)]
  0x000002085e893800 JavaThread "Sweeper thread" daemon [_thread_blocked, id=37416, stack(0x000000a21e400000,0x000000a21e500000)]
  0x000002085f360000 JavaThread "Common-Cleaner" daemon [_thread_blocked, id=37652, stack(0x000000a21e600000,0x000000a21e700000)]
  0x000002085f35a000 JavaThread "ReaderThread" [_thread_in_native, id=30580, stack(0x000000a21e800000,0x000000a21e900000)]
  0x000002085f35d800 JavaThread "Exec Default Executor" daemon [_thread_in_native, id=39612, stack(0x000000a21ec00000,0x000000a21ed00000)]
  0x000002085f35f000 JavaThread "Exec Stream Pumper" daemon [_thread_in_native, id=39264, stack(0x000000a21ed00000,0x000000a21ee00000)]
  0x000002085f35b800 JavaThread "Exec Stream Pumper" daemon [_thread_in_native, id=39728, stack(0x000000a21ee00000,0x000000a21ef00000)]
  0x000002085f35c800 JavaThread "ForkJoinPool.commonPool-worker-3" daemon [_thread_blocked, id=35796, stack(0x000000a21ef00000,0x000000a21f000000)]
  0x000002085f35e000 JavaThread "OkHttp ConnectionPool" daemon [_thread_blocked, id=37036, stack(0x000000a21f000000,0x000000a21f100000)]
  0x000002085f360800 JavaThread "Okio Watchdog" daemon [_thread_blocked, id=20616, stack(0x000000a21f100000,0x000000a21f200000)]

Other Threads:
  0x000002085e83c000 VMThread "VM Thread" [stack: 0x000000a21dc00000,0x000000a21dd00000] [id=37412]
  0x000002085f358800 WatcherThread [stack: 0x000000a21e500000,0x000000a21e600000] [id=1572]
  0x000002083f30f000 GCTaskThread "GC Thread#0" [stack: 0x000000a21d700000,0x000000a21d800000] [id=37268]
  0x000002085f73e000 GCTaskThread "GC Thread#1" [stack: 0x000000a21e900000,0x000000a21ea00000] [id=32644]
  0x000002085f893800 GCTaskThread "GC Thread#2" [stack: 0x000000a21ea00000,0x000000a21eb00000] [id=36416]
  0x000002085f894000 GCTaskThread "GC Thread#3" [stack: 0x000000a21eb00000,0x000000a21ec00000] [id=34888]
  0x000002083f33f000 ConcurrentGCThread "G1 Main Marker" [stack: 0x000000a21d800000,0x000000a21d900000] [id=9100]
  0x000002083f341000 ConcurrentGCThread "G1 Conc#0" [stack: 0x000000a21d900000,0x000000a21da00000] [id=33748]
  0x000002085e6b0800 ConcurrentGCThread "G1 Refine#0" [stack: 0x000000a21da00000,0x000000a21db00000] [id=37788]
  0x000002083f3c5000 ConcurrentGCThread "G1 Young RemSet Sampling" [stack: 0x000000a21db00000,0x000000a21dc00000] [id=30844]

Threads with active compile tasks:
C2 CompilerThread0  13031 1759       4       java.util.regex.Matcher::search (154 bytes)

VM state:not at safepoint (normal execution)

VM Mutex/Monitor currently owned by a thread: None

Heap address: 0x0000000081e00000, size: 2018 MB, Compressed Oops mode: 32-bit
Narrow klass base: 0x0000000000000000, Narrow klass shift: 3
Compressed class space size: 1073741824 Address: 0x0000000100000000

Heap:
 garbage-first heap   total 131072K, used 7928K [0x0000000081e00000, 0x0000000100000000)
  region size 1024K, 8 young (8192K), 5 survivors (5120K)
 Metaspace       used 21715K, capacity 22273K, committed 22400K, reserved 1069056K
  class space    used 2391K, capacity 2594K, committed 2688K, reserved 1048576K
Heap Regions: E=young(eden), S=young(survivor), O=old, HS=humongous(starts), HC=humongous(continues), CS=collection set, F=free, A=archive, TAMS=top-at-mark-start (previous, next)
|   0|0x0000000081e00000, 0x0000000081f00000, 0x0000000081f00000|100%|HS|  |TAMS 0x0000000081f00000, 0x0000000081e00000| Complete 
|   1|0x0000000081f00000, 0x0000000081f1e800, 0x0000000082000000| 11%| O|  |TAMS 0x0000000081f1e800, 0x0000000081f00000| Untracked 
|   2|0x0000000082000000, 0x0000000082000000, 0x0000000082100000|  0%| F|  |TAMS 0x0000000082000000, 0x0000000082000000| Untracked 
|   3|0x0000000082100000, 0x0000000082100000, 0x0000000082200000|  0%| F|  |TAMS 0x0000000082100000, 0x0000000082100000| Untracked 
|   4|0x0000000082200000, 0x0000000082200000, 0x0000000082300000|  0%| F|  |TAMS 0x0000000082200000, 0x0000000082200000| Untracked 
|   5|0x0000000082300000, 0x0000000082300000, 0x0000000082400000|  0%| F|  |TAMS 0x0000000082300000, 0x0000000082300000| Untracked 
|   6|0x0000000082400000, 0x0000000082400000, 0x0000000082500000|  0%| F|  |TAMS 0x0000000082400000, 0x0000000082400000| Untracked 
|   7|0x0000000082500000, 0x0000000082500000, 0x0000000082600000|  0%| F|  |TAMS 0x0000000082500000, 0x0000000082500000| Untracked 
|   8|0x0000000082600000, 0x0000000082600000, 0x0000000082700000|  0%| F|  |TAMS 0x0000000082600000, 0x0000000082600000| Untracked 
|   9|0x0000000082700000, 0x0000000082700000, 0x0000000082800000|  0%| F|  |TAMS 0x0000000082700000, 0x0000000082700000| Untracked 
|  10|0x0000000082800000, 0x0000000082800000, 0x0000000082900000|  0%| F|  |TAMS 0x0000000082800000, 0x0000000082800000| Untracked 
|  11|0x0000000082900000, 0x0000000082900000, 0x0000000082a00000|  0%| F|  |TAMS 0x0000000082900000, 0x0000000082900000| Untracked 
|  12|0x0000000082a00000, 0x0000000082a00000, 0x0000000082b00000|  0%| F|  |TAMS 0x0000000082a00000, 0x0000000082a00000| Untracked 
|  13|0x0000000082b00000, 0x0000000082b00000, 0x0000000082c00000|  0%| F|  |TAMS 0x0000000082b00000, 0x0000000082b00000| Untracked 
|  14|0x0000000082c00000, 0x0000000082c00000, 0x0000000082d00000|  0%| F|  |TAMS 0x0000000082c00000, 0x0000000082c00000| Untracked 
|  15|0x0000000082d00000, 0x0000000082d00000, 0x0000000082e00000|  0%| F|  |TAMS 0x0000000082d00000, 0x0000000082d00000| Untracked 
|  16|0x0000000082e00000, 0x0000000082e00000, 0x0000000082f00000|  0%| F|  |TAMS 0x0000000082e00000, 0x0000000082e00000| Untracked 
|  17|0x0000000082f00000, 0x0000000082f00000, 0x0000000083000000|  0%| F|  |TAMS 0x0000000082f00000, 0x0000000082f00000| Untracked 
|  18|0x0000000083000000, 0x0000000083000000, 0x0000000083100000|  0%| F|  |TAMS 0x0000000083000000, 0x0000000083000000| Untracked 
|  19|0x0000000083100000, 0x0000000083100000, 0x0000000083200000|  0%| F|  |TAMS 0x0000000083100000, 0x0000000083100000| Untracked 
|  20|0x0000000083200000, 0x0000000083200000, 0x0000000083300000|  0%| F|  |TAMS 0x0000000083200000, 0x0000000083200000| Untracked 
|  21|0x0000000083300000, 0x0000000083300000, 0x0000000083400000|  0%| F|  |TAMS 0x0000000083300000, 0x0000000083300000| Untracked 
|  22|0x0000000083400000, 0x0000000083400000, 0x0000000083500000|  0%| F|  |TAMS 0x0000000083400000, 0x0000000083400000| Untracked 
|  23|0x0000000083500000, 0x0000000083500000, 0x0000000083600000|  0%| F|  |TAMS 0x0000000083500000, 0x0000000083500000| Untracked 
|  24|0x0000000083600000, 0x0000000083600000, 0x0000000083700000|  0%| F|  |TAMS 0x0000000083600000, 0x0000000083600000| Untracked 
|  25|0x0000000083700000, 0x0000000083700000, 0x0000000083800000|  0%| F|  |TAMS 0x0000000083700000, 0x0000000083700000| Untracked 
|  26|0x0000000083800000, 0x0000000083800000, 0x0000000083900000|  0%| F|  |TAMS 0x0000000083800000, 0x0000000083800000| Untracked 
|  27|0x0000000083900000, 0x0000000083900000, 0x0000000083a00000|  0%| F|  |TAMS 0x0000000083900000, 0x0000000083900000| Untracked 
|  28|0x0000000083a00000, 0x0000000083a00000, 0x0000000083b00000|  0%| F|  |TAMS 0x0000000083a00000, 0x0000000083a00000| Untracked 
|  29|0x0000000083b00000, 0x0000000083b00000, 0x0000000083c00000|  0%| F|  |TAMS 0x0000000083b00000, 0x0000000083b00000| Untracked 
|  30|0x0000000083c00000, 0x0000000083c00000, 0x0000000083d00000|  0%| F|  |TAMS 0x0000000083c00000, 0x0000000083c00000| Untracked 
|  31|0x0000000083d00000, 0x0000000083d00000, 0x0000000083e00000|  0%| F|  |TAMS 0x0000000083d00000, 0x0000000083d00000| Untracked 
|  32|0x0000000083e00000, 0x0000000083e00000, 0x0000000083f00000|  0%| F|  |TAMS 0x0000000083e00000, 0x0000000083e00000| Untracked 
|  33|0x0000000083f00000, 0x0000000083f00000, 0x0000000084000000|  0%| F|  |TAMS 0x0000000083f00000, 0x0000000083f00000| Untracked 
|  34|0x0000000084000000, 0x0000000084000000, 0x0000000084100000|  0%| F|  |TAMS 0x0000000084000000, 0x0000000084000000| Untracked 
|  35|0x0000000084100000, 0x0000000084100000, 0x0000000084200000|  0%| F|  |TAMS 0x0000000084100000, 0x0000000084100000| Untracked 
|  36|0x0000000084200000, 0x0000000084200000, 0x0000000084300000|  0%| F|  |TAMS 0x0000000084200000, 0x0000000084200000| Untracked 
|  37|0x0000000084300000, 0x0000000084300000, 0x0000000084400000|  0%| F|  |TAMS 0x0000000084300000, 0x0000000084300000| Untracked 
|  38|0x0000000084400000, 0x0000000084400000, 0x0000000084500000|  0%| F|  |TAMS 0x0000000084400000, 0x0000000084400000| Untracked 
|  39|0x0000000084500000, 0x0000000084500000, 0x0000000084600000|  0%| F|  |TAMS 0x0000000084500000, 0x0000000084500000| Untracked 
|  40|0x0000000084600000, 0x0000000084600000, 0x0000000084700000|  0%| F|  |TAMS 0x0000000084600000, 0x0000000084600000| Untracked 
|  41|0x0000000084700000, 0x0000000084700000, 0x0000000084800000|  0%| F|  |TAMS 0x0000000084700000, 0x0000000084700000| Untracked 
|  42|0x0000000084800000, 0x0000000084800000, 0x0000000084900000|  0%| F|  |TAMS 0x0000000084800000, 0x0000000084800000| Untracked 
|  43|0x0000000084900000, 0x0000000084900000, 0x0000000084a00000|  0%| F|  |TAMS 0x0000000084900000, 0x0000000084900000| Untracked 
|  44|0x0000000084a00000, 0x0000000084a00000, 0x0000000084b00000|  0%| F|  |TAMS 0x0000000084a00000, 0x0000000084a00000| Untracked 
|  45|0x0000000084b00000, 0x0000000084b00000, 0x0000000084c00000|  0%| F|  |TAMS 0x0000000084b00000, 0x0000000084b00000| Untracked 
|  46|0x0000000084c00000, 0x0000000084c00000, 0x0000000084d00000|  0%| F|  |TAMS 0x0000000084c00000, 0x0000000084c00000| Untracked 
|  47|0x0000000084d00000, 0x0000000084d00000, 0x0000000084e00000|  0%| F|  |TAMS 0x0000000084d00000, 0x0000000084d00000| Untracked 
|  48|0x0000000084e00000, 0x0000000084e00000, 0x0000000084f00000|  0%| F|  |TAMS 0x0000000084e00000, 0x0000000084e00000| Untracked 
|  49|0x0000000084f00000, 0x0000000084f00000, 0x0000000085000000|  0%| F|  |TAMS 0x0000000084f00000, 0x0000000084f00000| Untracked 
|  50|0x0000000085000000, 0x0000000085000000, 0x0000000085100000|  0%| F|  |TAMS 0x0000000085000000, 0x0000000085000000| Untracked 
|  51|0x0000000085100000, 0x0000000085100000, 0x0000000085200000|  0%| F|  |TAMS 0x0000000085100000, 0x0000000085100000| Untracked 
|  52|0x0000000085200000, 0x0000000085200000, 0x0000000085300000|  0%| F|  |TAMS 0x0000000085200000, 0x0000000085200000| Untracked 
|  53|0x0000000085300000, 0x0000000085300000, 0x0000000085400000|  0%| F|  |TAMS 0x0000000085300000, 0x0000000085300000| Untracked 
|  54|0x0000000085400000, 0x0000000085400000, 0x0000000085500000|  0%| F|  |TAMS 0x0000000085400000, 0x0000000085400000| Untracked 
|  55|0x0000000085500000, 0x0000000085500000, 0x0000000085600000|  0%| F|  |TAMS 0x0000000085500000, 0x0000000085500000| Untracked 
|  56|0x0000000085600000, 0x0000000085600000, 0x0000000085700000|  0%| F|  |TAMS 0x0000000085600000, 0x0000000085600000| Untracked 
|  57|0x0000000085700000, 0x0000000085700000, 0x0000000085800000|  0%| F|  |TAMS 0x0000000085700000, 0x0000000085700000| Untracked 
|  58|0x0000000085800000, 0x0000000085800000, 0x0000000085900000|  0%| F|  |TAMS 0x0000000085800000, 0x0000000085800000| Untracked 
|  59|0x0000000085900000, 0x0000000085900000, 0x0000000085a00000|  0%| F|  |TAMS 0x0000000085900000, 0x0000000085900000| Untracked 
|  60|0x0000000085a00000, 0x0000000085a00000, 0x0000000085b00000|  0%| F|  |TAMS 0x0000000085a00000, 0x0000000085a00000| Untracked 
|  61|0x0000000085b00000, 0x0000000085b00000, 0x0000000085c00000|  0%| F|  |TAMS 0x0000000085b00000, 0x0000000085b00000| Untracked 
|  62|0x0000000085c00000, 0x0000000085c00000, 0x0000000085d00000|  0%| F|  |TAMS 0x0000000085c00000, 0x0000000085c00000| Untracked 
|  63|0x0000000085d00000, 0x0000000085d00000, 0x0000000085e00000|  0%| F|  |TAMS 0x0000000085d00000, 0x0000000085d00000| Untracked 
|  64|0x0000000085e00000, 0x0000000085e00000, 0x0000000085f00000|  0%| F|  |TAMS 0x0000000085e00000, 0x0000000085e00000| Untracked 
|  65|0x0000000085f00000, 0x0000000085f00000, 0x0000000086000000|  0%| F|  |TAMS 0x0000000085f00000, 0x0000000085f00000| Untracked 
|  66|0x0000000086000000, 0x0000000086000000, 0x0000000086100000|  0%| F|  |TAMS 0x0000000086000000, 0x0000000086000000| Untracked 
|  67|0x0000000086100000, 0x0000000086100000, 0x0000000086200000|  0%| F|  |TAMS 0x0000000086100000, 0x0000000086100000| Untracked 
|  68|0x0000000086200000, 0x0000000086200000, 0x0000000086300000|  0%| F|  |TAMS 0x0000000086200000, 0x0000000086200000| Untracked 
|  69|0x0000000086300000, 0x0000000086300000, 0x0000000086400000|  0%| F|  |TAMS 0x0000000086300000, 0x0000000086300000| Untracked 
|  70|0x0000000086400000, 0x0000000086400000, 0x0000000086500000|  0%| F|  |TAMS 0x0000000086400000, 0x0000000086400000| Untracked 
|  71|0x0000000086500000, 0x0000000086500000, 0x0000000086600000|  0%| F|  |TAMS 0x0000000086500000, 0x0000000086500000| Untracked 
|  72|0x0000000086600000, 0x0000000086600000, 0x0000000086700000|  0%| F|  |TAMS 0x0000000086600000, 0x0000000086600000| Untracked 
|  73|0x0000000086700000, 0x0000000086700000, 0x0000000086800000|  0%| F|  |TAMS 0x0000000086700000, 0x0000000086700000| Untracked 
|  74|0x0000000086800000, 0x0000000086800000, 0x0000000086900000|  0%| F|  |TAMS 0x0000000086800000, 0x0000000086800000| Untracked 
|  75|0x0000000086900000, 0x0000000086900000, 0x0000000086a00000|  0%| F|  |TAMS 0x0000000086900000, 0x0000000086900000| Untracked 
|  76|0x0000000086a00000, 0x0000000086a00000, 0x0000000086b00000|  0%| F|  |TAMS 0x0000000086a00000, 0x0000000086a00000| Untracked 
|  77|0x0000000086b00000, 0x0000000086b00000, 0x0000000086c00000|  0%| F|  |TAMS 0x0000000086b00000, 0x0000000086b00000| Untracked 
|  78|0x0000000086c00000, 0x0000000086c00000, 0x0000000086d00000|  0%| F|  |TAMS 0x0000000086c00000, 0x0000000086c00000| Untracked 
|  79|0x0000000086d00000, 0x0000000086d00000, 0x0000000086e00000|  0%| F|  |TAMS 0x0000000086d00000, 0x0000000086d00000| Untracked 
|  80|0x0000000086e00000, 0x0000000086e00000, 0x0000000086f00000|  0%| F|  |TAMS 0x0000000086e00000, 0x0000000086e00000| Untracked 
|  81|0x0000000086f00000, 0x0000000086f00000, 0x0000000087000000|  0%| F|  |TAMS 0x0000000086f00000, 0x0000000086f00000| Untracked 
|  82|0x0000000087000000, 0x0000000087000000, 0x0000000087100000|  0%| F|  |TAMS 0x0000000087000000, 0x0000000087000000| Untracked 
|  83|0x0000000087100000, 0x0000000087100000, 0x0000000087200000|  0%| F|  |TAMS 0x0000000087100000, 0x0000000087100000| Untracked 
|  84|0x0000000087200000, 0x0000000087200000, 0x0000000087300000|  0%| F|  |TAMS 0x0000000087200000, 0x0000000087200000| Untracked 
|  85|0x0000000087300000, 0x0000000087300000, 0x0000000087400000|  0%| F|  |TAMS 0x0000000087300000, 0x0000000087300000| Untracked 
|  86|0x0000000087400000, 0x0000000087400000, 0x0000000087500000|  0%| F|  |TAMS 0x0000000087400000, 0x0000000087400000| Untracked 
|  87|0x0000000087500000, 0x0000000087500000, 0x0000000087600000|  0%| F|  |TAMS 0x0000000087500000, 0x0000000087500000| Untracked 
|  88|0x0000000087600000, 0x0000000087600000, 0x0000000087700000|  0%| F|  |TAMS 0x0000000087600000, 0x0000000087600000| Untracked 
|  89|0x0000000087700000, 0x0000000087700000, 0x0000000087800000|  0%| F|  |TAMS 0x0000000087700000, 0x0000000087700000| Untracked 
|  90|0x0000000087800000, 0x0000000087800000, 0x0000000087900000|  0%| F|  |TAMS 0x0000000087800000, 0x0000000087800000| Untracked 
|  91|0x0000000087900000, 0x0000000087900000, 0x0000000087a00000|  0%| F|  |TAMS 0x0000000087900000, 0x0000000087900000| Untracked 
|  92|0x0000000087a00000, 0x0000000087a00000, 0x0000000087b00000|  0%| F|  |TAMS 0x0000000087a00000, 0x0000000087a00000| Untracked 
|  93|0x0000000087b00000, 0x0000000087b00000, 0x0000000087c00000|  0%| F|  |TAMS 0x0000000087b00000, 0x0000000087b00000| Untracked 
|  94|0x0000000087c00000, 0x0000000087c00000, 0x0000000087d00000|  0%| F|  |TAMS 0x0000000087c00000, 0x0000000087c00000| Untracked 
|  95|0x0000000087d00000, 0x0000000087d00000, 0x0000000087e00000|  0%| F|  |TAMS 0x0000000087d00000, 0x0000000087d00000| Untracked 
|  96|0x0000000087e00000, 0x0000000087e9f900, 0x0000000087f00000| 62%| S|CS|TAMS 0x0000000087e00000, 0x0000000087e00000| Complete 
|  97|0x0000000087f00000, 0x0000000088000000, 0x0000000088000000|100%| S|CS|TAMS 0x0000000087f00000, 0x0000000087f00000| Complete 
|  98|0x0000000088000000, 0x0000000088100000, 0x0000000088100000|100%| S|CS|TAMS 0x0000000088000000, 0x0000000088000000| Complete 
|  99|0x0000000088100000, 0x0000000088200000, 0x0000000088200000|100%| S|CS|TAMS 0x0000000088100000, 0x0000000088100000| Complete 
| 100|0x0000000088200000, 0x0000000088300000, 0x0000000088300000|100%| S|CS|TAMS 0x0000000088200000, 0x0000000088200000| Complete 
| 101|0x0000000088300000, 0x0000000088300000, 0x0000000088400000|  0%| F|  |TAMS 0x0000000088300000, 0x0000000088300000| Untracked 
| 102|0x0000000088400000, 0x0000000088400000, 0x0000000088500000|  0%| F|  |TAMS 0x0000000088400000, 0x0000000088400000| Untracked 
| 103|0x0000000088500000, 0x0000000088500000, 0x0000000088600000|  0%| F|  |TAMS 0x0000000088500000, 0x0000000088500000| Untracked 
| 104|0x0000000088600000, 0x0000000088600000, 0x0000000088700000|  0%| F|  |TAMS 0x0000000088600000, 0x0000000088600000| Untracked 
| 105|0x0000000088700000, 0x0000000088700000, 0x0000000088800000|  0%| F|  |TAMS 0x0000000088700000, 0x0000000088700000| Untracked 
| 106|0x0000000088800000, 0x0000000088800000, 0x0000000088900000|  0%| F|  |TAMS 0x0000000088800000, 0x0000000088800000| Untracked 
| 107|0x0000000088900000, 0x0000000088900000, 0x0000000088a00000|  0%| F|  |TAMS 0x0000000088900000, 0x0000000088900000| Untracked 
| 108|0x0000000088a00000, 0x0000000088a00000, 0x0000000088b00000|  0%| F|  |TAMS 0x0000000088a00000, 0x0000000088a00000| Untracked 
| 109|0x0000000088b00000, 0x0000000088b00000, 0x0000000088c00000|  0%| F|  |TAMS 0x0000000088b00000, 0x0000000088b00000| Untracked 
| 110|0x0000000088c00000, 0x0000000088c00000, 0x0000000088d00000|  0%| F|  |TAMS 0x0000000088c00000, 0x0000000088c00000| Untracked 
| 111|0x0000000088d00000, 0x0000000088d00000, 0x0000000088e00000|  0%| F|  |TAMS 0x0000000088d00000, 0x0000000088d00000| Untracked 
| 112|0x0000000088e00000, 0x0000000088e00000, 0x0000000088f00000|  0%| F|  |TAMS 0x0000000088e00000, 0x0000000088e00000| Untracked 
| 113|0x0000000088f00000, 0x0000000088f00000, 0x0000000089000000|  0%| F|  |TAMS 0x0000000088f00000, 0x0000000088f00000| Untracked 
| 114|0x0000000089000000, 0x0000000089000000, 0x0000000089100000|  0%| F|  |TAMS 0x0000000089000000, 0x0000000089000000| Untracked 
| 115|0x0000000089100000, 0x0000000089100000, 0x0000000089200000|  0%| F|  |TAMS 0x0000000089100000, 0x0000000089100000| Untracked 
| 116|0x0000000089200000, 0x0000000089200000, 0x0000000089300000|  0%| F|  |TAMS 0x0000000089200000, 0x0000000089200000| Untracked 
| 117|0x0000000089300000, 0x0000000089300000, 0x0000000089400000|  0%| F|  |TAMS 0x0000000089300000, 0x0000000089300000| Untracked 
| 118|0x0000000089400000, 0x0000000089400000, 0x0000000089500000|  0%| F|  |TAMS 0x0000000089400000, 0x0000000089400000| Untracked 
| 119|0x0000000089500000, 0x0000000089500000, 0x0000000089600000|  0%| F|  |TAMS 0x0000000089500000, 0x0000000089500000| Untracked 
| 120|0x0000000089600000, 0x0000000089600000, 0x0000000089700000|  0%| F|  |TAMS 0x0000000089600000, 0x0000000089600000| Untracked 
| 121|0x0000000089700000, 0x0000000089700000, 0x0000000089800000|  0%| F|  |TAMS 0x0000000089700000, 0x0000000089700000| Untracked 
| 122|0x0000000089800000, 0x0000000089800000, 0x0000000089900000|  0%| F|  |TAMS 0x0000000089800000, 0x0000000089800000| Untracked 
| 123|0x0000000089900000, 0x0000000089900000, 0x0000000089a00000|  0%| F|  |TAMS 0x0000000089900000, 0x0000000089900000| Untracked 
| 124|0x0000000089a00000, 0x0000000089a00000, 0x0000000089b00000|  0%| F|  |TAMS 0x0000000089a00000, 0x0000000089a00000| Untracked 
| 125|0x0000000089b00000, 0x0000000089c00000, 0x0000000089c00000|100%| E|  |TAMS 0x0000000089b00000, 0x0000000089b00000| Complete 
| 126|0x0000000089c00000, 0x0000000089d00000, 0x0000000089d00000|100%| E|CS|TAMS 0x0000000089c00000, 0x0000000089c00000| Complete 
| 127|0x0000000089d00000, 0x0000000089e00000, 0x0000000089e00000|100%| E|CS|TAMS 0x0000000089d00000, 0x0000000089d00000| Complete 

Card table byte_map: [0x0000020857af0000,0x0000020857ef0000] _byte_map_base: 0x00000208576e1000

Marking Bits (Prev, Next): (CMBitMap*) 0x000002083f3363e0, (CMBitMap*) 0x000002083f3363a8
 Prev Bits: [0x000002085a280000, 0x000002085c208000)
 Next Bits: [0x00000208582f0000, 0x000002085a278000)

Polling page: 0x000002083f160000

Metaspace:

Usage:
  Non-class:     19.22 MB capacity,    18.87 MB ( 98%) used,   298.08 KB (  2%) free+waste,    57.31 KB ( <1%) overhead. 
      Class:      2.53 MB capacity,     2.34 MB ( 92%) used,   173.18 KB (  7%) free+waste,    28.94 KB (  1%) overhead. 
       Both:     21.75 MB capacity,    21.21 MB ( 97%) used,   471.26 KB (  2%) free+waste,    86.25 KB ( <1%) overhead. 

Virtual space:
  Non-class space:       20.00 MB reserved,      19.25 MB ( 96%) committed 
      Class space:        1.00 GB reserved,       2.63 MB ( <1%) committed 
             Both:        1.02 GB reserved,      21.88 MB (  2%) committed 

Chunk freelists:
   Non-Class:  4.13 KB
       Class:  0 bytes
        Both:  4.13 KB

CodeHeap 'non-profiled nmethods': size=120064Kb used=517Kb max_used=517Kb free=119546Kb
 bounds [0x000002084fb90000, 0x000002084fe00000, 0x00000208570d0000]
CodeHeap 'profiled nmethods': size=120000Kb used=3425Kb max_used=3425Kb free=116574Kb
 bounds [0x0000020848660000, 0x00000208489c0000, 0x000002084fb90000]
CodeHeap 'non-nmethods': size=5696Kb used=1152Kb max_used=1171Kb free=4543Kb
 bounds [0x00000208480d0000, 0x0000020848340000, 0x0000020848660000]
 total_blobs=2268 nmethods=1778 adapters=401
 compilation: enabled
              stopped_count=0, restarted_count=0
 full_count=0

Compilation events (10 events):
Event: 12.989 Thread 0x000002085e88a000 1764       3       java.util.stream.AbstractPipeline::wrapAndCopyInto (18 bytes)
Event: 12.990 Thread 0x000002085e88a000 nmethod 1764 0x00000208489b2c90 code [0x00000208489b2e60, 0x00000208489b3248]
Event: 12.990 Thread 0x000002085e88a000 1765       3       java.util.stream.AbstractPipeline::wrapSink (37 bytes)
Event: 12.990 Thread 0x000002085e88a000 nmethod 1765 0x00000208489b3390 code [0x00000208489b3560, 0x00000208489b3958]
Event: 12.990 Thread 0x000002085e88a000 1768       3       java.lang.invoke.MethodHandles$Lookup::checkMethod (83 bytes)
Event: 12.991 Thread 0x000002085e88a000 nmethod 1768 0x00000208489b3b10 code [0x00000208489b3d20, 0x00000208489b4478]
Event: 12.991 Thread 0x000002085e88a000 1766       3       java.util.stream.AbstractPipeline::copyInto (54 bytes)
Event: 12.992 Thread 0x000002085e88a000 nmethod 1766 0x00000208489b4710 code [0x00000208489b4920, 0x00000208489b4ff8]
Event: 12.992 Thread 0x000002085e88a000 1769       3       java.lang.Module::isStaticallyExportedOrOpen (70 bytes)
Event: 12.992 Thread 0x000002085e88a000 nmethod 1769 0x00000208489b5210 code [0x00000208489b5400, 0x00000208489b5a78]

GC Heap History (4 events):
Event: 2.025 GC heap before
{Heap before GC invocations=0 (full 0):
 garbage-first heap   total 131072K, used 15360K [0x0000000081e00000, 0x0000000100000000)
  region size 1024K, 14 young (14336K), 0 survivors (0K)
 Metaspace       used 13297K, capacity 13575K, committed 13824K, reserved 1060864K
  class space    used 1332K, capacity 1420K, committed 1536K, reserved 1048576K
}
Event: 2.032 GC heap after
{Heap after GC invocations=1 (full 0):
 garbage-first heap   total 131072K, used 3194K [0x0000000081e00000, 0x0000000100000000)
  region size 1024K, 2 young (2048K), 2 survivors (2048K)
 Metaspace       used 13297K, capacity 13575K, committed 13824K, reserved 1060864K
  class space    used 1332K, capacity 1420K, committed 1536K, reserved 1048576K
}
Event: 9.815 GC heap before
{Heap before GC invocations=1 (full 0):
 garbage-first heap   total 131072K, used 27770K [0x0000000081e00000, 0x0000000100000000)
  region size 1024K, 27 young (27648K), 2 survivors (2048K)
 Metaspace       used 20585K, capacity 21088K, committed 21248K, reserved 1069056K
  class space    used 2259K, capacity 2454K, committed 2560K, reserved 1048576K
}
Event: 9.824 GC heap after
{Heap after GC invocations=2 (full 0):
 garbage-first heap   total 131072K, used 5880K [0x0000000081e00000, 0x0000000100000000)
  region size 1024K, 5 young (5120K), 5 survivors (5120K)
 Metaspace       used 20585K, capacity 21088K, committed 21248K, reserved 1069056K
  class space    used 2259K, capacity 2454K, committed 2560K, reserved 1048576K
}

Deoptimization events (10 events):
Event: 2.586 Thread 0x000002083f2f8000 Uncommon trap: reason=unstable_if action=reinterpret pc=0x000002084fbd9dc8 method=java.lang.CharacterDataLatin1.digit(II)I @ 12 c2
Event: 3.240 Thread 0x000002083f2f8000 Uncommon trap: reason=unstable_if action=reinterpret pc=0x000002084fbfa530 method=jdk.internal.org.objectweb.asm.Type.getArgumentsAndReturnSizes(Ljava/lang/String;)I @ 88 c2
Event: 3.253 Thread 0x000002083f2f8000 Uncommon trap: reason=class_check action=maybe_recompile pc=0x000002084fbe3bb8 method=java.util.concurrent.ConcurrentHashMap.putVal(Ljava/lang/Object;Ljava/lang/Object;Z)Ljava/lang/Object; @ 159 c2
Event: 3.261 Thread 0x000002083f2f8000 Uncommon trap: reason=unstable_if action=reinterpret pc=0x000002084fbf3738 method=java.util.regex.Pattern$BmpCharProperty.match(Ljava/util/regex/Matcher;ILjava/lang/CharSequence;)Z @ 5 c2
Event: 3.400 Thread 0x000002083f2f8000 Uncommon trap: reason=unstable_if action=reinterpret pc=0x000002084fbd76c4 method=java.lang.CharacterDataLatin1.digit(II)I @ 12 c2
Event: 9.802 Thread 0x000002083f2f8000 Uncommon trap: reason=class_check action=maybe_recompile pc=0x000002084fc00b78 method=org.openqa.selenium.json.Input.init()V @ 18 c2
Event: 9.802 Thread 0x000002083f2f8000 Uncommon trap: reason=class_check action=maybe_recompile pc=0x000002084fc00b78 method=org.openqa.selenium.json.Input.init()V @ 18 c2
Event: 9.802 Thread 0x000002083f2f8000 Uncommon trap: reason=class_check action=maybe_recompile pc=0x000002084fc00b78 method=org.openqa.selenium.json.Input.init()V @ 18 c2
Event: 9.802 Thread 0x000002083f2f8000 Uncommon trap: reason=class_check action=maybe_recompile pc=0x000002084fc00b78 method=org.openqa.selenium.json.Input.init()V @ 18 c2
Event: 9.846 Thread 0x000002083f2f8000 Uncommon trap: reason=unstable_if action=reinterpret pc=0x000002084fbe3d10 method=java.util.concurrent.ConcurrentHashMap.putVal(Ljava/lang/Object;Ljava/lang/Object;Z)Ljava/lang/Object; @ 256 c2

Classes redefined (0 events):
No events

Internal exceptions (10 events):
Event: 3.120 Thread 0x000002083f2f8000 Exception <a 'java/lang/NoSuchMethodError'{0x0000000088dcc700}: java.lang.invoke.DirectMethodHandle$Holder.invokeVirtual(Ljava/lang/Object;Ljava/lang/Object;)F> (0x0000000088dcc700) thrown at [./open/src/hotspot/share/interpreter/linkResolver.cpp, line 77
Event: 3.121 Thread 0x000002083f2f8000 Exception <a 'java/lang/NoSuchMethodError'{0x0000000088dd4bd0}: java.lang.invoke.DirectMethodHandle$Holder.invokeVirtual(Ljava/lang/Object;Ljava/lang/Object;)J> (0x0000000088dd4bd0) thrown at [./open/src/hotspot/share/interpreter/linkResolver.cpp, line 77
Event: 3.126 Thread 0x000002083f2f8000 Exception <a 'java/lang/NoSuchMethodError'{0x0000000088dff3e8}: java.lang.invoke.DirectMethodHandle$Holder.invokeVirtual(Ljava/lang/Object;Ljava/lang/Object;Ljava/lang/Object;)Ljava/lang/Object;> (0x0000000088dff3e8) thrown at [./open/src/hotspot/share/in
Event: 3.255 Thread 0x000002083f2f8000 Exception <a 'java/lang/NoSuchMethodError'{0x000000008896ffe0}: java.lang.invoke.DirectMethodHandle$Holder.invokeStatic(Ljava/lang/Object;Ljava/lang/Object;Ljava/lang/Object;Ljava/lang/Object;Ljava/lang/Object;)V> (0x000000008896ffe0) thrown at [./open/sr
Event: 3.367 Thread 0x000002083f2f8000 Exception <a 'java/lang/NoSuchMethodError'{0x000000008857b748}: java.lang.invoke.DirectMethodHandle$Holder.invokeStatic(Ljava/lang/Object;Ljava/lang/Object;Ljava/lang/Object;Ljava/lang/Object;)V> (0x000000008857b748) thrown at [./open/src/hotspot/share/in
Event: 9.813 Thread 0x000002083f2f8000 Exception <a 'java/lang/NoSuchMethodError'{0x000000008830b2f8}: java.lang.invoke.DirectMethodHandle$Holder.invokeSpecialIFC(Ljava/lang/Object;Ljava/lang/Object;Ljava/lang/Object;)Ljava/lang/Object;> (0x000000008830b2f8) thrown at [./open/src/hotspot/share
Event: 9.896 Thread 0x000002083f2f8000 Exception <a 'java/lang/ClassNotFoundException'{0x0000000089c22778}: sun/util/logging/resources/spi/loggingProvider> (0x0000000089c22778) thrown at [./open/src/hotspot/share/classfile/systemDictionary.cpp, line 227]
Event: 9.956 Thread 0x000002083f2f8000 Exception <a 'java/net/SocketTimeoutException'{0x0000000089b0c760}: Read timed out> (0x0000000089b0c760) thrown at [./open/src/hotspot/share/prims/jni.cpp, line 632]
Event: 9.982 Thread 0x000002083f2f8000 Exception <a 'java/net/SocketTimeoutException'{0x0000000089b25810}: Read timed out> (0x0000000089b25810) thrown at [./open/src/hotspot/share/prims/jni.cpp, line 632]
Event: 12.813 Thread 0x000002083f2f8000 Exception <a 'java/net/SocketTimeoutException'{0x0000000089b54968}: Read timed out> (0x0000000089b54968) thrown at [./open/src/hotspot/share/prims/jni.cpp, line 632]

Events (10 events):
Event: 12.808 loading class org/openqa/selenium/By$ByPartialLinkText
Event: 12.808 loading class org/openqa/selenium/By$ByPartialLinkText done
Event: 12.809 loading class org/openqa/selenium/By$ByLinkText
Event: 12.809 loading class org/openqa/selenium/By$ByLinkText done
Event: 12.809 loading class org/openqa/selenium/By$ByTagName
Event: 12.809 loading class org/openqa/selenium/By$ByTagName done
Event: 12.980 Executing VM operation: RevokeBias
Event: 12.980 Executing VM operation: RevokeBias done
Event: 12.985 loading class org/openqa/selenium/interactions/Coordinates
Event: 12.985 loading class org/openqa/selenium/interactions/Coordinates done


Dynamic libraries:
0x00007ff7b0a90000 - 0x00007ff7b0a9f000 	C:\Program Files\Java\jdk-11.0.13\bin\javaw.exe
0x00007ff9845c0000 - 0x00007ff9847b0000 	C:\Windows\SYSTEM32\ntdll.dll
0x00007ff984480000 - 0x00007ff984532000 	C:\Windows\System32\KERNEL32.DLL
0x00007ff981ea0000 - 0x00007ff982143000 	C:\Windows\System32\KERNELBASE.dll
0x00007ff982310000 - 0x00007ff98240a000 	C:\Windows\System32\ucrtbase.dll
0x00007ff973580000 - 0x00007ff973595000 	C:\Program Files\Java\jdk-11.0.13\bin\VCRUNTIME140.dll
0x00007ff9740e0000 - 0x00007ff9740f8000 	C:\Program Files\Java\jdk-11.0.13\bin\jli.dll
0x00007ff984130000 - 0x00007ff9841d3000 	C:\Windows\System32\ADVAPI32.dll
0x00007ff9843d0000 - 0x00007ff98446e000 	C:\Windows\System32\msvcrt.dll
0x00007ff983650000 - 0x00007ff9836e7000 	C:\Windows\System32\sechost.dll
0x00007ff982e00000 - 0x00007ff982f20000 	C:\Windows\System32\RPCRT4.dll
0x00007ff982bf0000 - 0x00007ff982d84000 	C:\Windows\System32\USER32.dll
0x00007ff97b180000 - 0x00007ff97b405000 	C:\Windows\WinSxS\amd64_microsoft.windows.common-controls_6595b64144ccf1df_6.0.18362.418_none_e6c6b287130d565d\COMCTL32.dll
0x00007ff981ca0000 - 0x00007ff981cc1000 	C:\Windows\System32\win32u.dll
0x00007ff982bc0000 - 0x00007ff982be6000 	C:\Windows\System32\GDI32.dll
0x00007ff982720000 - 0x00007ff982a56000 	C:\Windows\System32\combase.dll
0x00007ff982170000 - 0x00007ff982304000 	C:\Windows\System32\gdi32full.dll
0x00007ff982550000 - 0x00007ff9825ee000 	C:\Windows\System32\msvcp_win.dll
0x00007ff981e20000 - 0x00007ff981ea0000 	C:\Windows\System32\bcryptPrimitives.dll
0x00007ff97b420000 - 0x00007ff97b42a000 	C:\Windows\SYSTEM32\VERSION.dll
0x00007ff9843a0000 - 0x00007ff9843ce000 	C:\Windows\System32\IMM32.DLL
0x00007ff962c40000 - 0x00007ff962cdb000 	C:\Program Files\Java\jdk-11.0.13\bin\msvcp140.dll
0x00007ff95b2b0000 - 0x00007ff95bdc3000 	C:\Program Files\Java\jdk-11.0.13\bin\server\jvm.dll
0x00007ff984470000 - 0x00007ff984478000 	C:\Windows\System32\PSAPI.DLL
0x00007ff979650000 - 0x00007ff979659000 	C:\Windows\SYSTEM32\WSOCK32.dll
0x00007ff97f3d0000 - 0x00007ff97f3f4000 	C:\Windows\SYSTEM32\WINMM.dll
0x00007ff9841e0000 - 0x00007ff98424f000 	C:\Windows\System32\WS2_32.dll
0x00007ff97f2c0000 - 0x00007ff97f2ed000 	C:\Windows\SYSTEM32\WINMMBASE.dll
0x00007ff9825f0000 - 0x00007ff98263a000 	C:\Windows\System32\cfgmgr32.dll
0x00007ff981500000 - 0x00007ff981511000 	C:\Windows\System32\kernel.appcore.dll
0x00007ff97dd80000 - 0x00007ff97dd90000 	C:\Program Files\Java\jdk-11.0.13\bin\verify.dll
0x00007ff970ae0000 - 0x00007ff970cd4000 	C:\Windows\SYSTEM32\DBGHELP.DLL
0x00007ff9709e0000 - 0x00007ff970a0a000 	C:\Windows\SYSTEM32\dbgcore.DLL
0x00007ff973550000 - 0x00007ff973578000 	C:\Program Files\Java\jdk-11.0.13\bin\java.dll
0x00007ff973540000 - 0x00007ff97354a000 	C:\Program Files\Java\jdk-11.0.13\bin\jimage.dll
0x00007ff970680000 - 0x00007ff970696000 	C:\Program Files\Java\jdk-11.0.13\bin\zip.dll
0x00007ff983a40000 - 0x00007ff984125000 	C:\Windows\System32\SHELL32.dll
0x00007ff983000000 - 0x00007ff9830a9000 	C:\Windows\System32\shcore.dll
0x00007ff981520000 - 0x00007ff981c9f000 	C:\Windows\System32\windows.storage.dll
0x00007ff9814e0000 - 0x00007ff9814ff000 	C:\Windows\System32\profapi.dll
0x00007ff981490000 - 0x00007ff9814da000 	C:\Windows\System32\powrprof.dll
0x00007ff981460000 - 0x00007ff981470000 	C:\Windows\System32\UMPDC.dll
0x00007ff983520000 - 0x00007ff983572000 	C:\Windows\System32\shlwapi.dll
0x00007ff982150000 - 0x00007ff982167000 	C:\Windows\System32\cryptsp.dll
0x00007ff970660000 - 0x00007ff970679000 	C:\Program Files\Java\jdk-11.0.13\bin\net.dll
0x00007ff9736d0000 - 0x00007ff9737c0000 	C:\Windows\SYSTEM32\WINHTTP.dll
0x00007ff980cd0000 - 0x00007ff980d37000 	C:\Windows\system32\mswsock.dll
0x00007ff970640000 - 0x00007ff970652000 	C:\Program Files\Java\jdk-11.0.13\bin\nio.dll
0x00007ff980a20000 - 0x00007ff980aea000 	C:\Windows\SYSTEM32\DNSAPI.dll
0x00007ff984540000 - 0x00007ff984548000 	C:\Windows\System32\NSI.dll
0x00007ff9809e0000 - 0x00007ff980a1a000 	C:\Windows\SYSTEM32\IPHLPAPI.DLL
0x00007ff979d70000 - 0x00007ff979d7a000 	C:\Windows\System32\rasadhlp.dll
0x00007ff978e90000 - 0x00007ff978f07000 	C:\Windows\System32\fwpuclnt.dll
0x00007ff982520000 - 0x00007ff982546000 	C:\Windows\System32\bcrypt.dll
0x00007ff980840000 - 0x00007ff980873000 	C:\Windows\system32\rsaenh.dll
0x00007ff981380000 - 0x00007ff9813a5000 	C:\Windows\SYSTEM32\USERENV.dll
0x00007ff980ea0000 - 0x00007ff980eac000 	C:\Windows\SYSTEM32\CRYPTBASE.dll
0x00007ff979630000 - 0x00007ff979646000 	C:\Windows\SYSTEM32\dhcpcsvc6.DLL
0x00007ff97a210000 - 0x00007ff97a22c000 	C:\Windows\SYSTEM32\dhcpcsvc.DLL
0x00007ff973260000 - 0x00007ff97326d000 	C:\Program Files\Java\jdk-11.0.13\bin\sunmscapi.dll
0x00007ff981cd0000 - 0x00007ff981e19000 	C:\Windows\System32\CRYPT32.dll
0x00007ff981470000 - 0x00007ff981482000 	C:\Windows\System32\MSASN1.dll
0x00007ff980fa0000 - 0x00007ff980fc6000 	C:\Windows\SYSTEM32\ncrypt.dll
0x00007ff980f60000 - 0x00007ff980f9b000 	C:\Windows\SYSTEM32\NTASN1.dll
0x00007ff96dcc0000 - 0x00007ff96dce5000 	C:\Program Files\Java\jdk-11.0.13\bin\sunec.dll

dbghelp: loaded successfully - version: 4.0.5 - missing functions: none
symbol engine: initialized successfully - sym options: 0x614 - pdb path: .;C:\Program Files\Java\jdk-11.0.13\bin;C:\Windows\SYSTEM32;C:\Windows\WinSxS\amd64_microsoft.windows.common-controls_6595b64144ccf1df_6.0.18362.418_none_e6c6b287130d565d;C:\Program Files\Java\jdk-11.0.13\bin\server

VM Arguments:
jvm_args: -ea -Dfile.encoding=Cp1252 
java_command: org.testng.remote.RemoteTestNG -serport 64788 -protocol json -d G:\Learn_automation\01 - Software\eclipse-java-2021-12-R-win32-x86_64\workspace_2\tinyPulse-challenges\test-output C:\Users\ADMINI~1\AppData\Local\Temp\testng-eclipse--1328363350\testng-customsuite.xml
java_class_path (initial): G:\Learn_automation\01 - Software\eclipse-java-2021-12-R-win32-x86_64\eclipse\configuration\org.eclipse.osgi\429\0\.cp\lib\testng-remote.jar;G:\Learn_automation\01 - Software\eclipse-java-2021-12-R-win32-x86_64\workspace_2\tinyPulse-challenges\bin;G:\Learn_automation\01 - Software\eclipse-java-2021-12-R-win32-x86_64\workspace_2\tinyPulse-challenges\Libraries\selenium-server-standalone-3.141.59.jar;G:\Learn_automation\01 - Software\eclipse-java-2021-12-R-win32-x86_64\workspace_2\tinyPulse-challenges\Libraries\testng-6.14.3.jar
Launcher Type: SUN_STANDARD

[Global flags]
     intx CICompilerCount                          = 3                                         {product} {ergonomic}
     uint ConcGCThreads                            = 1                                         {product} {ergonomic}
     uint G1ConcRefinementThreads                  = 4                                         {product} {ergonomic}
   size_t G1HeapRegionSize                         = 1048576                                   {product} {ergonomic}
    uintx GCDrainStackTargetSize                   = 64                                        {product} {ergonomic}
   size_t InitialHeapSize                          = 134217728                                 {product} {ergonomic}
   size_t MarkStackSize                            = 4194304                                   {product} {ergonomic}
   size_t MaxHeapSize                              = 2116026368                                {product} {ergonomic}
   size_t MaxNewSize                               = 1268776960                                {product} {ergonomic}
   size_t MinHeapDeltaBytes                        = 1048576                                   {product} {ergonomic}
    uintx NonNMethodCodeHeapSize                   = 5830732                                {pd product} {ergonomic}
    uintx NonProfiledCodeHeapSize                  = 122913754                              {pd product} {ergonomic}
    uintx ProfiledCodeHeapSize                     = 122913754                              {pd product} {ergonomic}
    uintx ReservedCodeCacheSize                    = 251658240                              {pd product} {ergonomic}
     bool SegmentedCodeCache                       = true                                      {product} {ergonomic}
     bool UseCompressedClassPointers               = true                                 {lp64_product} {ergonomic}
     bool UseCompressedOops                        = true                                 {lp64_product} {ergonomic}
     bool UseG1GC                                  = true                                      {product} {ergonomic}
     bool UseLargePagesIndividualAllocation        = false                                  {pd product} {ergonomic}

Logging:
Log output configuration:
 #0: stdout all=warning uptime,level,tags
 #1: stderr all=off uptime,level,tags

Environment Variables:
PATH=G:/Learn_automation/01 - Software/eclipse-java-2021-12-R-win32-x86_64/eclipse//plugins/org.eclipse.justj.openjdk.hotspot.jre.full.win32.x86_64_17.0.1.v20211116-1657/jre/bin/server;G:/Learn_automation/01 - Software/eclipse-java-2021-12-R-win32-x86_64/eclipse//plugins/org.eclipse.justj.openjdk.hotspot.jre.full.win32.x86_64_17.0.1.v20211116-1657/jre/bin;C:\Program Files\Common Files\Oracle\Java\javapath;C:\Program Files (x86)\Intel\iCLS Client\;C:\Program Files\Intel\iCLS Client\;C:\Program Files (x86)\Common Files\Oracle\Java\javapath;C:\Windows\system32;C:\Windows;C:\Windows\System32\Wbem;C:\Windows\System32\WindowsPowerShell\v1.0\;C:\Windows\System32\OpenSSH\;C:\Program Files\Intel\Intel(R) Management Engine Components\DAL;C:\Program Files\Intel\Intel(R) Management Engine Components\IPT;C:\Program Files (x86)\Intel\Intel(R) Management Engine Components\DAL;C:\Program Files (x86)\Intel\Intel(R) Management Engine Components\IPT;C:\Program Files (x86)\NVIDIA Corporation\PhysX\Common;C:\Program Files\Git\cmd;C:\Users\Administrator\AppData\Local\Microsoft\WindowsApps;;G:\Learn_automation\01 - Software\eclipse-java-2021-12-R-win32-x86_64\eclipse;
USERNAME=Administrator
OS=Windows_NT
PROCESSOR_IDENTIFIER=Intel64 Family 6 Model 58 Stepping 9, GenuineIntel



---------------  S Y S T E M  ---------------

OS: Windows 10 , 64 bit Build 18362 (10.0.18362.329)

CPU:total 4 (initial active 4) (2 cores per cpu, 2 threads per core) family 6 model 58 stepping 9 microcode 0x20, cmov, cx8, fxsr, mmx, sse, sse2, sse3, ssse3, sse4.1, sse4.2, popcnt, avx, clmul, erms, ht, tsc, tscinvbit, tscinv

Memory: 4k page, system-wide physical 8066M (65M free)
TotalPageFile size 32642M (AvailPageFile size 1M)
current process WorkingSet (physical memory assigned to process): 93M, peak: 95M
current process commit charge ("private bytes"): 222M, peak: 224M

vm_info: Java HotSpot(TM) 64-Bit Server VM (11.0.13+10-LTS-370) for windows-amd64 JRE (11.0.13+10-LTS-370), built on Sep 15 2021 22:10:36 by "mach5one" with MS VC++ 15.9 (VS2017)

END.
